BLOCK00/SES002/SA002S12	SES002	1.19321	-45.1379	-46.3311
BLOCK00/SES002/SA002S13	SES002	1.23278	-45.5223	-46.7551
BLOCK00/SES002/SA002S23	SES002	1.39925	-44.9484	-46.3477
BLOCK00/SES002/SA002S26	SES002	1.33394	-44.9917	-46.3256
BLOCK00/SES002/SA002S28	SES002	0.869755	-45.8217	-46.6914
BLOCK00/SES007/SA007S14	SES007	1.24444	-44.9375	-46.1819
BLOCK00/SES007/SA007S15	SES007	0.45113	-46.4548	-46.9059
BLOCK00/SES007/SA007S24	SES007	0.454449	-46.6343	-47.0887
BLOCK00/SES007/SA007S27	SES007	0.409836	-47.0918	-47.5016
BLOCK00/SES007/SA007S29	SES007	0.320278	-45.9169	-46.2372
BLOCK00/SES008/SA008S11	SES008	0.70343	-46.559	-47.2625
BLOCK00/SES008/SA008S12	SES008	0.557598	-46.95	-47.5076
BLOCK00/SES008/SA008S19	SES008	1.73636	-45.308	-47.0443
BLOCK00/SES008/SA008S22	SES008	0.900101	-46.6831	-47.5832
BLOCK00/SES008/SA008S29	SES008	1.28531	-45.6059	-46.8912
BLOCK01/SES014/SA014S10	SES014	2.06554	-45.5578	-47.6233
BLOCK01/SES014/SA014S12	SES014	2.94173	-43.1221	-46.0638
BLOCK01/SES014/SA014S24	SES014	1.00938	-45.216	-46.2254
BLOCK01/SES014/SA014S26	SES014	2.0944	-42.7943	-44.8887
BLOCK01/SES014/SA014S28	SES014	2.4285	-43.2358	-45.6643
BLOCK01/SES016/SA016S12	SES016	1.61794	-47.7656	-49.3836
BLOCK01/SES016/SA016S13	SES016	0.971508	-47.0194	-47.991
BLOCK01/SES016/SA016S22	SES016	0.633095	-47.5718	-48.2049
BLOCK01/SES016/SA016S25	SES016	1.2288	-44.6154	-45.8442
BLOCK01/SES016/SA016S27	SES016	1.38236	-44.5861	-45.9685
BLOCK01/SES019/SA019S13	SES019	2.83505	-45.8253	-48.6603
BLOCK01/SES019/SA019S14	SES019	1.9165	-45.9749	-47.8914
BLOCK01/SES019/SA019S22	SES019	3.00155	-45.2691	-48.2706
BLOCK01/SES019/SA019S25	SES019	2.49913	-45.8249	-48.3241
BLOCK01/SES019/SA019S29	SES019	3.14098	-45.5339	-48.6749
BLOCK02/SES029/SA029S11	SES029	1.09556	-46.0557	-47.1513
BLOCK02/SES029/SA029S12	SES029	0.238667	-46.4469	-46.6856
BLOCK02/SES029/SA029S20	SES029	0.58757	-47.3558	-47.9433
BLOCK02/SES029/SA029S25	SES029	0.460258	-46.1543	-46.6145
BLOCK02/SES029/SA029S28	SES029	0.268551	-46.8747	-47.1432
BLOCK04/SES042/SA042S12	SES042	1.94902	-44.1237	-46.0727
BLOCK04/SES042/SA042S15	SES042	2.39394	-44.5978	-46.9917
BLOCK04/SES042/SA042S22	SES042	2.94524	-42.6291	-45.5744
BLOCK04/SES042/SA042S25	SES042	1.74747	-45.3372	-47.0847
BLOCK04/SES042/SA042S27	SES042	1.88023	-44.2149	-46.0951
BLOCK04/SES048/SA048S11	SES048	1.14457	-45.5767	-46.7213
BLOCK04/SES048/SA048S12	SES048	0.638515	-45.6832	-46.3217
BLOCK04/SES048/SA048S20	SES048	0.714336	-45.6755	-46.3898
BLOCK04/SES048/SA048S23	SES048	1.2592	-45.9384	-47.1976
BLOCK04/SES048/SA048S27	SES048	0.99435	-44.7359	-45.7303
BLOCK06/SES060/SA060S11	SES060	1.53441	-45.4446	-46.979
BLOCK06/SES060/SA060S12	SES060	-1.74048	-48.9997	-47.2592
BLOCK06/SES060/SA060S22	SES060	-0.577709	-48.5613	-47.9836
BLOCK06/SES060/SA060S24	SES060	0.818783	-45.9553	-46.7741
BLOCK06/SES060/SA060S28	SES060	0.746529	-44.1475	-44.894
BLOCK06/SES062/SA062S10	SES062	0.461239	-46.097	-46.5582
BLOCK06/SES062/SA062S11	SES062	1.08103	-45.6176	-46.6986
BLOCK06/SES062/SA062S21	SES062	1.94242	-43.0578	-45.0003
BLOCK06/SES062/SA062S26	SES062	0.28204	-45.1584	-45.4404
BLOCK06/SES062/SA062S29	SES062	1.3568	-44.2575	-45.6143
BLOCK06/SES068/SA068S14	SES068	0.427444	-46.275	-46.7024
BLOCK06/SES068/SA068S15	SES068	0.816414	-45.2238	-46.0402
BLOCK06/SES068/SA068S23	SES068	0.872715	-46.6419	-47.5146
BLOCK06/SES068/SA068S27	SES068	1.51948	-44.8879	-46.4074
BLOCK06/SES068/SA068S29	SES068	0.467113	-45.9357	-46.4028
BLOCK08/SES082/SA082S12	SES082	0.927048	-46.884	-47.811
BLOCK08/SES082/SA082S14	SES082	0.272129	-47.4167	-47.6888
BLOCK08/SES082/SA082S21	SES082	0.416409	-46.7433	-47.1597
BLOCK08/SES082/SA082S24	SES082	0.66927	-45.7588	-46.4281
BLOCK08/SES082/SA082S28	SES082	0.443478	-46.8768	-47.3203
BLOCK08/SES083/SA083S14	SES083	-0.473663	-47.132	-46.6584
BLOCK08/SES083/SA083S15	SES083	-0.0480347	-46.4007	-46.3527
BLOCK08/SES083/SA083S24	SES083	-0.115437	-46.9863	-46.8709
BLOCK08/SES083/SA083S26	SES083	0.723286	-46.0233	-46.7466
BLOCK08/SES083/SA083S29	SES083	-0.39212	-46.6388	-46.2467
BLOCK08/SES085/SA085S10	SES085	0.0343857	-46.1984	-46.2328
BLOCK08/SES085/SA085S13	SES085	0.328522	-46.5831	-46.9116
BLOCK08/SES085/SA085S22	SES085	-2.46931	-49.192	-46.7227
BLOCK08/SES085/SA085S26	SES085	-0.558407	-47.0696	-46.5112
BLOCK08/SES085/SA085S28	SES085	0.656536	-46.0571	-46.7137
BLOCK08/SES087/SA087S15	SES087	1.47121	-45.8474	-47.3186
BLOCK08/SES087/SA087S16	SES087	1.35539	-45.7214	-47.0768
BLOCK08/SES087/SA087S24	SES087	1.33373	-45.6838	-47.0176
BLOCK08/SES087/SA087S26	SES087	1.5896	-44.4466	-46.0362
BLOCK08/SES087/SA087S29	SES087	1.62583	-45.8766	-47.5024
BLOCK09/SES099/SA099S15	SES099	0.993904	-46.4166	-47.4105
BLOCK09/SES099/SA099S16	SES099	0.996716	-45.939	-46.9357
BLOCK09/SES099/SA099S24	SES099	1.23404	-45.1999	-46.4339
BLOCK09/SES099/SA099S26	SES099	1.06707	-45.3932	-46.4603
BLOCK09/SES099/SA099S29	SES099	1.2689	-45.3664	-46.6353
BLOCK10/SES101/SA101S11	SES101	0.217468	-46.3203	-46.5377
BLOCK10/SES101/SA101S13	SES101	1.18767	-45.0118	-46.1995
BLOCK10/SES101/SA101S22	SES101	0.76339	-46.6043	-47.3677
BLOCK10/SES101/SA101S24	SES101	1.4113	-45.8971	-47.3084
BLOCK10/SES101/SA101S28	SES101	-0.114731	-47.3034	-47.1886
BLOCK10/SES104/SA104S11	SES104	1.28756	-44.6374	-45.925
BLOCK10/SES104/SA104S12	SES104	1.55225	-44.6753	-46.2275
BLOCK10/SES104/SA104S21	SES104	1.36609	-45.6188	-46.9848
BLOCK10/SES104/SA104S24	SES104	0.606075	-46.1544	-46.7604
BLOCK10/SES104/SA104S28	SES104	1.02618	-45.5446	-46.5707
BLOCK10/SES105/SA105S12	SES105	0.446285	-47.295	-47.7413
BLOCK10/SES105/SA105S13	SES105	0.965675	-46.6607	-47.6264
BLOCK10/SES105/SA105S22	SES105	0.239677	-47.8044	-48.0441
BLOCK10/SES105/SA105S26	SES105	1.187	-46.7845	-47.9715
BLOCK10/SES105/SA105S29	SES105	0.481831	-46.89	-47.3719
BLOCK10/SES106/SA106S09	SES106	1.17466	-46.8985	-48.0731
BLOCK10/SES106/SA106S11	SES106	1.14234	-45.3266	-46.469
BLOCK10/SES106/SA106S22	SES106	2.23549	-45.5584	-47.7939
BLOCK10/SES106/SA106S27	SES106	1.12447	-46.0698	-47.1943
BLOCK10/SES106/SA106S29	SES106	0.978794	-45.82	-46.7988
BLOCK11/SES117/SA117S12	SES117	0.232689	-47.5301	-47.7628
BLOCK11/SES117/SA117S13	SES117	0.0179367	-46.9435	-46.9614
BLOCK11/SES117/SA117S23	SES117	1.40053	-48.0202	-49.4207
BLOCK11/SES117/SA117S25	SES117	0.926495	-47.4427	-48.3692
BLOCK11/SES117/SA117S28	SES117	1.37062	-47.7736	-49.1442
BLOCK12/SES120/SA120S08	SES120	0.950226	-47.9992	-48.9495
BLOCK12/SES120/SA120S11	SES120	0.247799	-49.4741	-49.7219
BLOCK12/SES120/SA120S22	SES120	0.182816	-47.2643	-47.4472
BLOCK12/SES120/SA120S24	SES120	0.461731	-47.2009	-47.6626
BLOCK12/SES120/SA120S28	SES120	0.397137	-48.7334	-49.1306
BLOCK12/SES125/SA125S13	SES125	1.93661	-44.6045	-46.5411
BLOCK12/SES125/SA125S14	SES125	1.10544	-45.8252	-46.9306
BLOCK12/SES125/SA125S25	SES125	1.73085	-45.1234	-46.8543
BLOCK12/SES125/SA125S27	SES125	1.3664	-44.6301	-45.9965
BLOCK12/SES125/SA125S29	SES125	1.53416	-45.2531	-46.7873
BLOCK12/SES127/SA127S11	SES127	0.996922	-46.4625	-47.4594
BLOCK12/SES127/SA127S12	SES127	-0.436058	-46.802	-46.3659
BLOCK12/SES127/SA127S23	SES127	0.282719	-46.8906	-47.1733
BLOCK12/SES127/SA127S25	SES127	-0.338242	-47.27	-46.9317
BLOCK12/SES127/SA127S27	SES127	0.851707	-45.9627	-46.8144
BLOCK12/SES129/SA129S11	SES129	1.27652	-45.4195	-46.6961
BLOCK12/SES129/SA129S12	SES129	1.27238	-44.9129	-46.1853
BLOCK12/SES129/SA129S22	SES129	1.00128	-45.803	-46.8042
BLOCK12/SES129/SA129S27	SES129	1.52909	-44.7651	-46.2942
BLOCK12/SES129/SA129S29	SES129	1.6056	-44.8314	-46.437
BLOCK14/SES142/SA142S11	SES142	2.06864	-46.5676	-48.6363
BLOCK14/SES142/SA142S12	SES142	0.777672	-47.5855	-48.3632
BLOCK14/SES142/SA142S24	SES142	1.87826	-46.4268	-48.3051
BLOCK14/SES142/SA142S27	SES142	2.25923	-45.9405	-48.1998
BLOCK14/SES142/SA142S29	SES142	2.24496	-45.5731	-47.8181
BLOCK14/SES143/SA143S12	SES143	0.994415	-47.0528	-48.0472
BLOCK14/SES143/SA143S13	SES143	0.706898	-47.2614	-47.9683
BLOCK14/SES143/SA143S23	SES143	1.22448	-46.8896	-48.1141
BLOCK14/SES143/SA143S25	SES143	0.938019	-47.0914	-48.0294
BLOCK14/SES143/SA143S28	SES143	0.987942	-46.4121	-47.4001
BLOCK14/SES144/SA144S09	SES144	0.76318	-46.3076	-47.0708
BLOCK14/SES144/SA144S11	SES144	0.755013	-47.1532	-47.9082
BLOCK14/SES144/SA144S21	SES144	0.160248	-47.4082	-47.5684
BLOCK14/SES144/SA144S25	SES144	0.461658	-47.1865	-47.6481
BLOCK14/SES144/SA144S29	SES144	0.0986977	-47.1517	-47.2504
BLOCK14/SES146/SA146S14	SES146	0.606934	-47.3169	-47.9239
BLOCK14/SES146/SA146S15	SES146	0.304832	-47.2645	-47.5693
BLOCK14/SES146/SA146S24	SES146	0.183311	-47.4223	-47.6056
BLOCK14/SES146/SA146S26	SES146	0.930397	-47.4492	-48.3796
BLOCK14/SES146/SA146S29	SES146	0.405891	-47.8915	-48.2974
BLOCK14/SES147/SA147S11	SES147	1.19138	-47.1857	-48.3771
BLOCK14/SES147/SA147S13	SES147	1.93954	-45.694	-47.6335
BLOCK14/SES147/SA147S23	SES147	0.923851	-47.4595	-48.3834
BLOCK14/SES147/SA147S26	SES147	0.719917	-47.3403	-48.0602
BLOCK14/SES147/SA147S28	SES147	1.89512	-46.2308	-48.1259
BLOCK14/SES148/SA148S10	SES148	1.07052	-45.9769	-47.0474
BLOCK14/SES148/SA148S12	SES148	0.693859	-47.0439	-47.7378
BLOCK14/SES148/SA148S22	SES148	0.9674	-45.1859	-46.1533
BLOCK14/SES148/SA148S26	SES148	0.467896	-46.1901	-46.658
BLOCK14/SES148/SA148S29	SES148	0.533585	-46.8578	-47.3914
BLOCK14/SES149/SA149S13	SES149	0.286499	-46.7401	-47.0266
BLOCK14/SES149/SA149S14	SES149	0.339462	-46.1711	-46.5106
BLOCK14/SES149/SA149S24	SES149	1.2271	-45.7297	-46.9568
BLOCK14/SES149/SA149S26	SES149	1.85741	-45.0018	-46.8592
BLOCK14/SES149/SA149S28	SES149	2.65946	-44.1017	-46.7612
BLOCK15/SES158/SA158S13	SES158	1.00515	-46.4001	-47.4053
BLOCK15/SES158/SA158S14	SES158	1.70004	-45.6771	-47.3772
BLOCK15/SES158/SA158S23	SES158	1.03009	-45.9886	-47.0187
BLOCK15/SES158/SA158S26	SES158	1.6139	-45.8132	-47.4272
BLOCK15/SES158/SA158S28	SES158	0.933144	-46.5168	-47.4499
BLOCK16/SES162/SA162S10	SES162	0.372948	-47.912	-48.285
BLOCK16/SES162/SA162S11	SES162	0.817879	-46.457	-47.2749
BLOCK16/SES162/SA162S21	SES162	1.44044	-46.2287	-47.6692
BLOCK16/SES162/SA162S24	SES162	0.840118	-46.8405	-47.6806
BLOCK16/SES162/SA162S27	SES162	1.16539	-46.7165	-47.8819
BLOCK16/SES167/SA167S14	SES167	0.661278	-45.4999	-46.1611
BLOCK16/SES167/SA167S15	SES167	1.15419	-46.4081	-47.5623
BLOCK16/SES167/SA167S21	SES167	0.990955	-45.428	-46.4189
BLOCK16/SES167/SA167S25	SES167	1.53049	-46.154	-47.6845
BLOCK16/SES167/SA167S29	SES167	1.92366	-44.6439	-46.5676
BLOCK17/SES172/SA172S12	SES172	1.02562	-46.209	-47.2346
BLOCK17/SES172/SA172S13	SES172	1.55291	-46.2322	-47.7851
BLOCK17/SES172/SA172S23	SES172	0.661797	-45.264	-45.9258
BLOCK17/SES172/SA172S27	SES172	0.55014	-46.4542	-47.0044
BLOCK17/SES172/SA172S29	SES172	0.731552	-46.1294	-46.861
BLOCK17/SES175/SA175S11	SES175	1.1166	-46.3726	-47.4892
BLOCK17/SES175/SA175S13	SES175	0.883217	-46.309	-47.1922
BLOCK17/SES175/SA175S23	SES175	1.6891	-46.2332	-47.9223
BLOCK17/SES175/SA175S25	SES175	0.900623	-48.0949	-48.9956
BLOCK17/SES175/SA175S28	SES175	0.999027	-46.2039	-47.2029
BLOCK17/SES177/SA177S15	SES177	-0.125664	-47.2034	-47.0778
BLOCK17/SES177/SA177S17	SES177	0.437859	-46.6052	-47.0431
BLOCK17/SES177/SA177S23	SES177	-0.461735	-47.7968	-47.335
BLOCK17/SES177/SA177S26	SES177	0.729324	-44.9538	-45.6831
BLOCK17/SES177/SA177S28	SES177	1.01744	-45.6999	-46.7174
BLOCK18/SES180/SA180S13	SES180	0.554535	-46.5551	-47.1097
BLOCK18/SES180/SA180S15	SES180	0.48114	-47.0708	-47.552
BLOCK18/SES180/SA180S24	SES180	0.689045	-45.2207	-45.9098
BLOCK18/SES180/SA180S26	SES180	0.998367	-45.676	-46.6744
BLOCK18/SES180/SA180S29	SES180	0.851822	-47.0645	-47.9163
BLOCK18/SES183/SA183S13	SES183	0.942818	-47.3733	-48.3162
BLOCK18/SES183/SA183S14	SES183	0.442177	-47.4227	-47.8649
BLOCK18/SES183/SA183S24	SES183	0.869671	-47.5644	-48.434
BLOCK18/SES183/SA183S27	SES183	0.965019	-46.6391	-47.6041
BLOCK18/SES183/SA183S29	SES183	1.1571	-46.2121	-47.3692
BLOCK18/SES187/SA187S13	SES187	0.406952	-47.8305	-48.2374
BLOCK18/SES187/SA187S14	SES187	0.604008	-47.5211	-48.1251
BLOCK18/SES187/SA187S24	SES187	0.916832	-47.0938	-48.0106
BLOCK18/SES187/SA187S27	SES187	1.01362	-46.7152	-47.7288
BLOCK18/SES187/SA187S29	SES187	0.786243	-47.0548	-47.841
BLOCK18/SES189/SA189S10	SES189	1.56651	-48.6219	-50.1884
BLOCK18/SES189/SA189S13	SES189	1.83949	-48.6867	-50.5262
BLOCK18/SES189/SA189S24	SES189	1.99534	-47.9759	-49.9712
BLOCK18/SES189/SA189S26	SES189	0.84087	-48.0956	-48.9365
BLOCK18/SES189/SA189S29	SES189	1.85351	-47.4053	-49.2588
BLOCK20/SES202/SA202S12	SES202	1.58958	-47.6124	-49.202
BLOCK20/SES202/SA202S14	SES202	3.0426	-45.5834	-48.626
BLOCK20/SES202/SA202S24	SES202	1.42498	-46.9579	-48.3828
BLOCK20/SES202/SA202S27	SES202	1.75125	-45.1823	-46.9336
BLOCK20/SES202/SA202S29	SES202	2.0771	-45.1026	-47.1797
BLOCK20/SES206/SA206S15	SES206	0.112213	-46.0856	-46.1978
BLOCK20/SES206/SA206S17	SES206	1.62028	-44.5056	-46.1258
BLOCK20/SES206/SA206S24	SES206	1.88372	-44.411	-46.2947
BLOCK20/SES206/SA206S27	SES206	1.55088	-45.2266	-46.7775
BLOCK20/SES206/SA206S29	SES206	1.38802	-44.4832	-45.8712
BLOCK22/SES226/SA226S12	SES226	0.999687	-46.7415	-47.7412
BLOCK22/SES226/SA226S13	SES226	-0.406635	-47.4045	-46.9979
BLOCK22/SES226/SA226S20	SES226	1.01752	-46.4983	-47.5159
BLOCK22/SES226/SA226S23	SES226	1.27423	-45.7131	-46.9873
BLOCK22/SES226/SA226S28	SES226	1.69561	-45.4538	-47.1494
BLOCK25/SES259/SA259S13	SES259	2.76659	-44.3337	-47.1003
BLOCK25/SES259/SA259S14	SES259	1.61135	-45.4909	-47.1023
BLOCK25/SES259/SA259S22	SES259	1.50261	-45.4752	-46.9778
BLOCK25/SES259/SA259S24	SES259	1.81245	-44.253	-46.0654
BLOCK25/SES259/SA259S28	SES259	1.53525	-44.6166	-46.1519
BLOCK27/SES270/SA270S14	SES270	1.88281	-46.0198	-47.9026
BLOCK27/SES270/SA270S16	SES270	0.413799	-46.745	-47.1588
BLOCK27/SES270/SA270S22	SES270	1.88992	-45.448	-47.3379
BLOCK27/SES270/SA270S26	SES270	0.875759	-47.3774	-48.2531
BLOCK27/SES270/SA270S28	SES270	0.759609	-46.2197	-46.9793
BLOCK27/SES275/SA275S17	SES275	1.16122	-46.9014	-48.0626
BLOCK27/SES275/SA275S18	SES275	0.515125	-46.9506	-47.4658
BLOCK27/SES275/SA275S24	SES275	0.725758	-47.8101	-48.5359
BLOCK27/SES275/SA275S26	SES275	0.891304	-46.181	-47.0723
BLOCK27/SES275/SA275S28	SES275	0.293133	-46.6444	-46.9376
BLOCK29/SES292/SA292S10	SES292	0.346306	-47.1207	-47.467
BLOCK29/SES292/SA292S12	SES292	0.18663	-47.8632	-48.0498
BLOCK29/SES292/SA292S22	SES292	0.902302	-45.7733	-46.6756
BLOCK29/SES292/SA292S24	SES292	0.211678	-46.7244	-46.936
BLOCK29/SES292/SA292S27	SES292	0.246464	-46.2133	-46.4597
BLOCK00/SES001/SA001S14	SES062	-1.49265	-49.2391	-47.7465
BLOCK00/SES001/SA001S14	SES082	-2.46694	-50.2134	-47.7465
BLOCK00/SES001/SA001S14	SES106	-1.88348	-49.63	-47.7465
BLOCK00/SES001/SA001S14	SES206	-2.34614	-50.0926	-47.7465
BLOCK00/SES001/SA001S15	SES062	-1.32708	-47.852	-46.5249
BLOCK00/SES001/SA001S15	SES104	-2.31678	-48.8417	-46.5249
BLOCK00/SES001/SA001S15	SES106	-1.76903	-48.2939	-46.5249
BLOCK00/SES001/SA001S15	SES206	-1.92249	-48.4474	-46.5249
BLOCK00/SES001/SA001S24	SES062	-3.51216	-51.4444	-47.9322
BLOCK00/SES001/SA001S24	SES082	-2.95356	-50.8858	-47.9322
BLOCK00/SES001/SA001S24	SES087	-2.40651	-50.3387	-47.9322
BLOCK00/SES001/SA001S24	SES206	-1.47458	-49.4068	-47.9322
BLOCK00/SES001/SA001S27	SES062	-2.00737	-48.4784	-46.471
BLOCK00/SES001/SA001S27	SES082	-2.65966	-49.1307	-46.471
BLOCK00/SES001/SA001S27	SES087	-3.04268	-49.5137	-46.471
BLOCK00/SES001/SA001S27	SES206	-2.73412	-49.2052	-46.471
BLOCK00/SES001/SA001S29	SES062	-3.04028	-50.9018	-47.8615
BLOCK00/SES001/SA001S29	SES082	-2.08503	-49.9466	-47.8615
BLOCK00/SES001/SA001S29	SES158	-1.37844	-49.24	-47.8615
BLOCK00/SES001/SA001S29	SES206	-2.67708	-50.5386	-47.8615
BLOCK00/SES003/SA003S11	SES002	-0.765366	-47.6468	-46.8814
BLOCK00/SES003/SA003S11	SES019	-1.7189	-48.6003	-46.8814
BLOCK00/SES003/SA003S11	SES082	-0.383366	-47.2648	-46.8814
BLOCK00/SES003/SA003S11	SES125	-1.10997	-47.9914	-46.8814
BLOCK00/SES003/SA003S15	SES016	-3.09626	-49.5146	-46.4183
BLOCK00/SES003/SA003S15	SES019	-1.76855	-48.1868	-46.4183
BLOCK00/SES003/SA003S15	SES062	-2.22642	-48.6447	-46.4183
BLOCK00/SES003/SA003S15	SES206	-1.33215	-47.7505	-46.4183
BLOCK00/SES003/SA003S22	SES002	-1.30114	-48.0323	-46.7312
BLOCK00/SES003/SA003S22	SES062	-1.49662	-48.2278	-46.7312
BLOCK00/SES003/SA003S22	SES082	-0.917866	-47.649	-46.7312
BLOCK00/SES003/SA003S22	SES087	-1.15334	-47.8845	-46.7312
BLOCK00/SES003/SA003S25	SES062	-3.48129	-50.0718	-46.5905
BLOCK00/SES003/SA003S25	SES082	-0.784424	-47.3749	-46.5905
BLOCK00/SES003/SA003S25	SES087	-1.352	-47.9425	-46.5905
BLOCK00/SES003/SA003S25	SES206	-1.34587	-47.9364	-46.5905
BLOCK00/SES003/SA003S29	SES002	-1.3989	-48.8027	-47.4038
BLOCK00/SES003/SA003S29	SES062	-2.03462	-49.4384	-47.4038
BLOCK00/SES003/SA003S29	SES082	-0.520123	-47.924	-47.4038
BLOCK00/SES003/SA003S29	SES087	-1.50692	-48.9107	-47.4038
BLOCK00/SES004/SA004S12	SES083	-2.7617	-50.7835	-48.0218
BLOCK00/SES004/SA004S12	SES148	-2.22469	-50.2465	-48.0218
BLOCK00/SES004/SA004S12	SES172	-2.09677	-50.1186	-48.0218
BLOCK00/SES004/SA004S12	SES292	-2.35444	-50.3762	-48.0218
BLOCK00/SES004/SA004S17	SES083	-2.18992	-50.3996	-48.2097
BLOCK00/SES004/SA004S17	SES162	-1.31786	-49.5276	-48.2097
BLOCK00/SES004/SA004S17	SES172	-1.7429	-49.9526	-48.2097
BLOCK00/SES004/SA004S17	SES292	-1.97219	-50.1819	-48.2097
BLOCK00/SES004/SA004S24	SES083	-2.10033	-49.9951	-47.8948
BLOCK00/SES004/SA004S24	SES148	-2.11797	-50.0127	-47.8948
BLOCK00/SES004/SA004S24	SES172	-1.19699	-49.0918	-47.8948
BLOCK00/SES004/SA004S24	SES292	-1.43491	-49.3297	-47.8948
BLOCK00/SES004/SA004S26	SES083	-1.4058	-48.8908	-47.485
BLOCK00/SES004/SA004S26	SES127	-1.2536	-48.7386	-47.485
BLOCK00/SES004/SA004S26	SES148	-2.56118	-50.0462	-47.485
BLOCK00/SES004/SA004S26	SES292	-1.57101	-49.056	-47.485
BLOCK00/SES004/SA004S28	SES083	-1.95709	-48.5883	-46.6312
BLOCK00/SES004/SA004S28	SES127	-2.16551	-48.7967	-46.6312
BLOCK00/SES004/SA004S28	SES187	-1.79894	-48.4301	-46.6312
BLOCK00/SES004/SA004S28	SES292	-2.72009	-49.3513	-46.6312
BLOCK00/SES006/SA006S10	SES014	-3.14637	-52.4717	-49.3253
BLOCK00/SES006/SA006S10	SES158	-1.04688	-50.3722	-49.3253
BLOCK00/SES006/SA006S10	SES226	-3.41308	-52.7384	-49.3253
BLOCK00/SES006/SA006S10	SES270	-0.898479	-50.2238	-49.3253
BLOCK00/SES006/SA006S11	SES158	-0.966396	-50.2261	-49.2597
BLOCK00/SES006/SA006S11	SES226	-2.68755	-51.9473	-49.2597
BLOCK00/SES006/SA006S11	SES270	-0.67807	-49.9378	-49.2597
BLOCK00/SES006/SA006S11	SES275	-3.0897	-52.3494	-49.2597
BLOCK00/SES006/SA006S23	SES062	-2.41092	-50.4467	-48.0358
BLOCK00/SES006/SA006S23	SES105	-2.4471	-50.4829	-48.0358
BLOCK00/SES006/SA006S23	SES158	-1.02575	-49.0615	-48.0358
BLOCK00/SES006/SA006S23	SES275	-2.16702	-50.2028	-48.0358
BLOCK00/SES006/SA006S26	SES104	-2.28664	-49.8059	-47.5192
BLOCK00/SES006/SA006S26	SES158	-0.70723	-48.2265	-47.5192
BLOCK00/SES006/SA006S26	SES270	0.0681725	-47.4511	-47.5192
BLOCK00/SES006/SA006S26	SES275	-3.3167	-50.8359	-47.5192
BLOCK00/SES006/SA006S28	SES007	-2.52174	-51.6479	-49.1262
BLOCK00/SES006/SA006S28	SES105	-2.88531	-52.0115	-49.1262
BLOCK00/SES006/SA006S28	SES158	-1.25481	-50.381	-49.1262
BLOCK00/SES006/SA006S28	SES275	-3.48482	-52.611	-49.1262
BLOCK00/SES009/SA009S12	SES083	-1.77007	-48.7624	-46.9924
BLOCK00/SES009/SA009S12	SES148	-1.41598	-48.4083	-46.9924
BLOCK00/SES009/SA009S12	SES177	-1.77386	-48.7662	-46.9924
BLOCK00/SES009/SA009S12	SES292	-1.2924	-48.2848	-46.9924
BLOCK00/SES009/SA009S15	SES007	0.111366	-46.1638	-46.2751
BLOCK00/SES009/SA009S15	SES099	-3.54679	-49.8219	-46.2751
BLOCK00/SES009/SA009S15	SES148	-1.6744	-47.9495	-46.2751
BLOCK00/SES009/SA009S15	SES172	-1.79277	-48.0679	-46.2751
BLOCK00/SES009/SA009S24	SES146	-1.03284	-47.6118	-46.5789
BLOCK00/SES009/SA009S24	SES148	-1.5358	-48.1147	-46.5789
BLOCK00/SES009/SA009S24	SES177	-1.42183	-48.0008	-46.5789
BLOCK00/SES009/SA009S24	SES292	-1.01162	-47.5906	-46.5789
BLOCK00/SES009/SA009S26	SES083	-2.15806	-49.1857	-47.0276
BLOCK00/SES009/SA009S26	SES101	-1.5776	-48.6052	-47.0276
BLOCK00/SES009/SA009S26	SES120	-1.24395	-48.2716	-47.0276
BLOCK00/SES009/SA009S26	SES177	-2.12014	-49.1478	-47.0276
BLOCK00/SES009/SA009S29	SES083	-1.38686	-47.8123	-46.4254
BLOCK00/SES009/SA009S29	SES101	-1.29187	-47.7173	-46.4254
BLOCK00/SES009/SA009S29	SES177	-1.85194	-48.2774	-46.4254
BLOCK00/SES009/SA009S29	SES292	-1.00676	-47.4322	-46.4254
BLOCK01/SES011/SA011S10	SES019	-1.67493	-48.9174	-47.2425
BLOCK01/SES011/SA011S10	SES042	-0.509605	-47.7521	-47.2425
BLOCK01/SES011/SA011S10	SES082	-2.22901	-49.4715	-47.2425
BLOCK01/SES011/SA011S10	SES206	-0.98774	-48.2302	-47.2425
BLOCK01/SES011/SA011S11	SES019	-1.38231	-49.6053	-48.2229
BLOCK01/SES011/SA011S11	SES042	-1.33607	-49.559	-48.2229
BLOCK01/SES011/SA011S11	SES082	-2.36695	-50.5899	-48.2229
BLOCK01/SES011/SA011S11	SES206	-0.491745	-48.7147	-48.2229
BLOCK01/SES011/SA011S22	SES019	-0.721809	-48.6103	-47.8885
BLOCK01/SES011/SA011S22	SES042	-0.66576	-48.5543	-47.8885
BLOCK01/SES011/SA011S22	SES082	-1.71983	-49.6083	-47.8885
BLOCK01/SES011/SA011S22	SES206	-1.21981	-49.1083	-47.8885
BLOCK01/SES011/SA011S24	SES019	-0.968437	-48.1686	-47.2002
BLOCK01/SES011/SA011S24	SES042	-0.349255	-47.5495	-47.2002
BLOCK01/SES011/SA011S24	SES104	-1.56557	-48.7658	-47.2002
BLOCK01/SES011/SA011S24	SES206	-0.0828094	-47.283	-47.2002
BLOCK01/SES011/SA011S27	SES082	-0.266769	-47.2068	-46.94
BLOCK01/SES011/SA011S27	SES087	-1.53866	-48.4787	-46.94
BLOCK01/SES011/SA011S27	SES125	-1.06792	-48.008	-46.94
BLOCK01/SES011/SA011S27	SES206	-0.590317	-47.5303	-46.94
BLOCK01/SES012/SA012S11	SES007	-2.08757	-47.907	-45.8194
BLOCK01/SES012/SA012S11	SES082	-1.09113	-46.9106	-45.8194
BLOCK01/SES012/SA012S11	SES083	-2.30527	-48.1247	-45.8194
BLOCK01/SES012/SA012S11	SES206	-0.811485	-46.6309	-45.8194
BLOCK01/SES012/SA012S14	SES082	-1.36715	-47.7648	-46.3976
BLOCK01/SES012/SA012S14	SES087	-1.79818	-48.1958	-46.3976
BLOCK01/SES012/SA012S14	SES206	-0.93351	-47.3311	-46.3976
BLOCK01/SES012/SA012S14	SES292	-3.09139	-49.489	-46.3976
BLOCK01/SES012/SA012S24	SES082	-0.258434	-47.7094	-47.451
BLOCK01/SES012/SA012S24	SES087	-1.22192	-48.6729	-47.451
BLOCK01/SES012/SA012S24	SES120	-4.10694	-51.5579	-47.451
BLOCK01/SES012/SA012S24	SES206	-0.898586	-48.3496	-47.451
BLOCK01/SES012/SA012S26	SES019	-2.3066	-48.8563	-46.5497
BLOCK01/SES012/SA012S26	SES082	-1.53208	-48.0817	-46.5497
BLOCK01/SES012/SA012S26	SES206	-0.465366	-47.015	-46.5497
BLOCK01/SES012/SA012S26	SES292	-3.08144	-49.6311	-46.5497
BLOCK01/SES012/SA012S29	SES062	-1.78185	-47.9187	-46.1369
BLOCK01/SES012/SA012S29	SES082	-1.28764	-47.4245	-46.1369
BLOCK01/SES012/SA012S29	SES083	-2.33065	-48.4675	-46.1369
BLOCK01/SES012/SA012S29	SES206	-1.20628	-47.3432	-46.1369
BLOCK01/SES013/SA013S16	SES062	-3.94476	-50.722	-46.7772
BLOCK01/SES013/SA013S16	SES106	-1.17548	-47.9527	-46.7772
BLOCK01/SES013/SA013S16	SES206	-1.58006	-48.3573	-46.7772
BLOCK01/SES013/SA013S16	SES226	-0.489845	-47.267	-46.7772
BLOCK01/SES013/SA013S17	SES062	-3.29874	-49.2646	-45.9659
BLOCK01/SES013/SA013S17	SES106	-1.30801	-47.2739	-45.9659
BLOCK01/SES013/SA013S17	SES206	-0.84547	-46.8113	-45.9659
BLOCK01/SES013/SA013S17	SES226	-0.19614	-46.162	-45.9659
BLOCK01/SES013/SA013S23	SES104	-1.98939	-49.0518	-47.0624
BLOCK01/SES013/SA013S23	SES106	-1.12088	-48.1833	-47.0624
BLOCK01/SES013/SA013S23	SES206	-1.68302	-48.7455	-47.0624
BLOCK01/SES013/SA013S23	SES270	-0.794476	-47.8569	-47.0624
BLOCK01/SES013/SA013S25	SES042	-2.17775	-48.1433	-45.9656
BLOCK01/SES013/SA013S25	SES104	-2.17381	-48.1394	-45.9656
BLOCK01/SES013/SA013S25	SES106	-1.19323	-47.1588	-45.9656
BLOCK01/SES013/SA013S25	SES206	-1.53509	-47.5007	-45.9656
BLOCK01/SES013/SA013S29	SES062	-4.17704	-50.6007	-46.4236
BLOCK01/SES013/SA013S29	SES104	-2.56805	-48.9917	-46.4236
BLOCK01/SES013/SA013S29	SES106	-1.2032	-47.6268	-46.4236
BLOCK01/SES013/SA013S29	SES206	-1.89287	-48.3165	-46.4236
BLOCK02/SES021/SA021S13	SES016	-3.48619	-50.0177	-46.5315
BLOCK02/SES021/SA021S13	SES029	-2.92145	-49.4529	-46.5315
BLOCK02/SES021/SA021S13	SES087	-1.48486	-48.0163	-46.5315
BLOCK02/SES021/SA021S13	SES206	-0.418118	-46.9496	-46.5315
BLOCK02/SES021/SA021S15	SES087	-1.15936	-46.2654	-45.106
BLOCK02/SES021/SA021S15	SES125	-0.191238	-45.2973	-45.106
BLOCK02/SES021/SA021S15	SES206	-0.478756	-45.5848	-45.106
BLOCK02/SES021/SA021S15	SES226	-1.445	-46.551	-45.106
BLOCK02/SES021/SA021S23	SES062	-3.39606	-50.5546	-47.1585
BLOCK02/SES021/SA021S23	SES087	-1.70279	-48.8613	-47.1585
BLOCK02/SES021/SA021S23	SES206	-1.87409	-49.0326	-47.1585
BLOCK02/SES021/SA021S23	SES226	-1.29131	-48.4498	-47.1585
BLOCK02/SES021/SA021S27	SES002	-1.34798	-47.0553	-45.7074
BLOCK02/SES021/SA021S27	SES016	-4.28972	-49.9971	-45.7074
BLOCK02/SES021/SA021S27	SES019	-2.26852	-47.9759	-45.7074
BLOCK02/SES021/SA021S27	SES062	-1.82925	-47.5366	-45.7074
BLOCK02/SES021/SA021S29	SES087	-1.22927	-47.1836	-45.9544
BLOCK02/SES021/SA021S29	SES125	-0.708511	-46.6629	-45.9544
BLOCK02/SES021/SA021S29	SES206	-0.500435	-46.4548	-45.9544
BLOCK02/SES021/SA021S29	SES226	-1.47556	-47.4299	-45.9544
BLOCK04/SES043/SA043S09	SES083	-1.88046	-50.1788	-48.2984
BLOCK04/SES043/SA043S09	SES101	-2.1002	-50.3986	-48.2984
BLOCK04/SES043/SA043S09	SES144	-0.530315	-48.8287	-48.2984
BLOCK04/SES043/SA043S09	SES172	-3.00122	-51.2996	-48.2984
BLOCK04/SES043/SA043S11	SES083	-0.941833	-47.719	-46.7772
BLOCK04/SES043/SA043S11	SES101	-1.45918	-48.2363	-46.7772
BLOCK04/SES043/SA043S11	SES144	-0.735672	-47.5128	-46.7772
BLOCK04/SES043/SA043S11	SES172	-1.307	-48.0842	-46.7772
BLOCK04/SES043/SA043S23	SES083	-0.833488	-48.391	-47.5575
BLOCK04/SES043/SA043S23	SES144	-0.251785	-47.8093	-47.5575
BLOCK04/SES043/SA043S23	SES177	-2.33529	-49.8928	-47.5575
BLOCK04/SES043/SA043S23	SES275	-0.996185	-48.5537	-47.5575
BLOCK04/SES043/SA043S26	SES083	-0.743706	-48.2623	-47.5186
BLOCK04/SES043/SA043S26	SES101	-1.29314	-48.8118	-47.5186
BLOCK04/SES043/SA043S26	SES144	-0.467701	-47.9863	-47.5186
BLOCK04/SES043/SA043S26	SES177	-1.73009	-49.2487	-47.5186
BLOCK04/SES043/SA043S28	SES016	-1.70233	-48.4298	-46.7275
BLOCK04/SES043/SA043S28	SES083	-1.11756	-47.845	-46.7275
BLOCK04/SES043/SA043S28	SES101	-1.03853	-47.766	-46.7275
BLOCK04/SES043/SA043S28	SES144	-0.870296	-47.5978	-46.7275
BLOCK04/SES044/SA044S10	SES127	-2.20041	-52.9041	-50.7037
BLOCK04/SES044/SA044S10	SES144	-1.00778	-51.7115	-50.7037
BLOCK04/SES044/SA044S10	SES147	-3.073	-53.7767	-50.7037
BLOCK04/SES044/SA044S10	SES148	-2.29078	-52.9945	-50.7037
BLOCK04/SES044/SA044S11	SES101	-1.71305	-50.9723	-49.2593
BLOCK04/SES044/SA044S11	SES144	-0.230808	-49.4901	-49.2593
BLOCK04/SES044/SA044S11	SES147	-2.36935	-51.6286	-49.2593
BLOCK04/SES044/SA044S11	SES177	-2.32557	-51.5848	-49.2593
BLOCK04/SES044/SA044S24	SES007	-2.41492	-51.089	-48.6741
BLOCK04/SES044/SA044S24	SES101	-1.47604	-50.1501	-48.6741
BLOCK04/SES044/SA044S24	SES147	-2.68763	-51.3617	-48.6741
BLOCK04/SES044/SA044S24	SES177	-2.5396	-51.2137	-48.6741
BLOCK04/SES044/SA044S26	SES007	-2.12455	-50.1227	-47.9981
BLOCK04/SES044/SA044S26	SES016	-1.27284	-49.271	-47.9981
BLOCK04/SES044/SA044S26	SES101	-1.30502	-49.3032	-47.9981
BLOCK04/SES044/SA044S26	SES147	-1.52004	-49.5182	-47.9981
BLOCK04/SES044/SA044S29	SES007	-2.27782	-49.505	-47.2272
BLOCK04/SES044/SA044S29	SES101	-1.0161	-48.2433	-47.2272
BLOCK04/SES044/SA044S29	SES147	-2.68158	-49.9088	-47.2272
BLOCK04/SES044/SA044S29	SES177	-2.14058	-49.3678	-47.2272
BLOCK04/SES046/SA046S13	SES101	-2.378	-50.7909	-48.4129
BLOCK04/SES046/SA046S13	SES144	-1.44456	-49.8575	-48.4129
BLOCK04/SES046/SA046S13	SES147	-2.37883	-50.7917	-48.4129
BLOCK04/SES046/SA046S13	SES177	-1.39555	-49.8084	-48.4129
BLOCK04/SES046/SA046S15	SES048	-2.62606	-49.3593	-46.7333
BLOCK04/SES046/SA046S15	SES083	-1.1174	-47.8507	-46.7333
BLOCK04/SES046/SA046S15	SES120	-3.06365	-49.7969	-46.7333
BLOCK04/SES046/SA046S15	SES148	-1.6379	-48.3712	-46.7333
BLOCK04/SES046/SA046S22	SES101	-1.28541	-49.0287	-47.7433
BLOCK04/SES046/SA046S22	SES144	-0.951122	-48.6944	-47.7433
BLOCK04/SES046/SA046S22	SES147	-2.4958	-50.2391	-47.7433
BLOCK04/SES046/SA046S22	SES172	-1.50258	-49.2459	-47.7433
BLOCK04/SES046/SA046S25	SES083	-1.39561	-49.0776	-47.682
BLOCK04/SES046/SA046S25	SES127	-1.65871	-49.3407	-47.682
BLOCK04/SES046/SA046S25	SES144	-1.31065	-48.9927	-47.682
BLOCK04/SES046/SA046S25	SES148	-1.23874	-48.9208	-47.682
BLOCK04/SES046/SA046S28	SES007	-2.84031	-51.1456	-48.3053
BLOCK04/SES046/SA046S28	SES105	-2.30035	-50.6057	-48.3053
BLOCK04/SES046/SA046S28	SES147	-2.53114	-50.8365	-48.3053
BLOCK04/SES046/SA046S28	SES148	-1.60268	-49.908	-48.3053
BLOCK04/SES049/SA049S16	SES104	-1.97416	-49.5909	-47.6167
BLOCK04/SES049/SA049S16	SES106	-1.36673	-48.9834	-47.6167
BLOCK04/SES049/SA049S16	SES120	-3.70868	-51.3254	-47.6167
BLOCK04/SES049/SA049S16	SES206	-1.39337	-49.0101	-47.6167
BLOCK04/SES049/SA049S18	SES099	-0.564236	-49.3117	-48.7475
BLOCK04/SES049/SA049S18	SES104	-2.47372	-51.2212	-48.7475
BLOCK04/SES049/SA049S18	SES125	-2.73535	-51.4828	-48.7475
BLOCK04/SES049/SA049S18	SES206	-1.75323	-50.5007	-48.7475
BLOCK04/SES049/SA049S25	SES087	-1.00785	-48.3336	-47.3258
BLOCK04/SES049/SA049S25	SES104	-1.50028	-48.826	-47.3258
BLOCK04/SES049/SA049S25	SES125	-1.84964	-49.1754	-47.3258
BLOCK04/SES049/SA049S25	SES206	-1.06663	-48.3924	-47.3258
BLOCK04/SES049/SA049S27	SES099	-0.480106	-47.9734	-47.4933
BLOCK04/SES049/SA049S27	SES104	-0.262917	-47.7562	-47.4933
BLOCK04/SES049/SA049S27	SES125	-1.17193	-48.6653	-47.4933
BLOCK04/SES049/SA049S27	SES206	-0.864162	-48.3575	-47.4933
BLOCK04/SES049/SA049S29	SES099	-0.204395	-46.5114	-46.307
BLOCK04/SES049/SA049S29	SES104	-0.332813	-46.6398	-46.307
BLOCK04/SES049/SA049S29	SES125	-1.08272	-47.3897	-46.307
BLOCK04/SES049/SA049S29	SES206	-0.570984	-46.878	-46.307
BLOCK06/SES063/SA063S09	SES068	-1.94279	-49.119	-47.1762
BLOCK06/SES063/SA063S09	SES083	-0.743374	-47.9196	-47.1762
BLOCK06/SES063/SA063S09	SES177	-1.3407	-48.5169	-47.1762
BLOCK06/SES063/SA063S09	SES187	-1.3041	-48.4803	-47.1762
BLOCK06/SES063/SA063S10	SES068	-2.37701	-50.4251	-48.0481
BLOCK06/SES063/SA063S10	SES083	-0.317444	-48.3656	-48.0481
BLOCK06/SES063/SA063S10	SES172	-0.403057	-48.4512	-48.0481
BLOCK06/SES063/SA063S10	SES187	-0.768509	-48.8166	-48.0481
BLOCK06/SES063/SA063S20	SES068	-3.73876	-51.4611	-47.7223
BLOCK06/SES063/SA063S20	SES083	-1.28952	-49.0118	-47.7223
BLOCK06/SES063/SA063S20	SES172	-1.35661	-49.0789	-47.7223
BLOCK06/SES063/SA063S20	SES187	-0.497776	-48.2201	-47.7223
BLOCK06/SES063/SA063S24	SES029	-2.9039	-49.9428	-47.0389
BLOCK06/SES063/SA063S24	SES083	-0.037838	-47.0767	-47.0389
BLOCK06/SES063/SA063S24	SES177	-0.799419	-47.8383	-47.0389
BLOCK06/SES063/SA063S24	SES189	-1.04144	-48.0803	-47.0389
BLOCK06/SES063/SA063S27	SES083	-0.128269	-48.5421	-48.4139
BLOCK06/SES063/SA063S27	SES172	-0.792866	-49.2067	-48.4139
BLOCK06/SES063/SA063S27	SES187	-0.62077	-49.0346	-48.4139
BLOCK06/SES063/SA063S27	SES292	-1.41988	-49.8337	-48.4139
BLOCK06/SES067/SA067S12	SES083	-1.81935	-49.1062	-47.2869
BLOCK06/SES067/SA067S12	SES172	-2.62908	-49.9159	-47.2869
BLOCK06/SES067/SA067S12	SES202	0.0281601	-47.2587	-47.2869
BLOCK06/SES067/SA067S12	SES292	-2.22443	-49.5113	-47.2869
BLOCK06/SES067/SA067S14	SES085	-1.67292	-48.5666	-46.8937
BLOCK06/SES067/SA067S14	SES177	-1.56612	-48.4598	-46.8937
BLOCK06/SES067/SA067S14	SES183	-2.35576	-49.2495	-46.8937
BLOCK06/SES067/SA067S14	SES202	-0.430836	-47.3246	-46.8937
BLOCK06/SES067/SA067S21	SES144	-1.07759	-49.5421	-48.4646
BLOCK06/SES067/SA067S21	SES177	-1.06419	-49.5287	-48.4646
BLOCK06/SES067/SA067S21	SES183	-3.84227	-52.3068	-48.4646
BLOCK06/SES067/SA067S21	SES189	-0.0625305	-48.5271	-48.4646
BLOCK06/SES067/SA067S25	SES085	-0.912376	-48.6658	-47.7534
BLOCK06/SES067/SA067S25	SES177	-1.04449	-48.7979	-47.7534
BLOCK06/SES067/SA067S25	SES183	-1.99196	-49.7453	-47.7534
BLOCK06/SES067/SA067S25	SES202	-0.219238	-47.9726	-47.7534
BLOCK06/SES067/SA067S29	SES085	-1.69305	-49.1569	-47.4639
BLOCK06/SES067/SA067S29	SES177	-1.70972	-49.1736	-47.4639
BLOCK06/SES067/SA067S29	SES183	-2.7189	-50.1828	-47.4639
BLOCK06/SES067/SA067S29	SES202	-0.0709496	-47.5348	-47.4639
BLOCK06/SES069/SA069S12	SES029	-2.8616	-49.3194	-46.4578
BLOCK06/SES069/SA069S12	SES082	-1.29371	-47.7515	-46.4578
BLOCK06/SES069/SA069S12	SES087	-1.81151	-48.2693	-46.4578
BLOCK06/SES069/SA069S12	SES206	-1.2855	-47.7433	-46.4578
BLOCK06/SES069/SA069S13	SES029	-2.88198	-49.6946	-46.8126
BLOCK06/SES069/SA069S13	SES087	-2.25906	-49.0717	-46.8126
BLOCK06/SES069/SA069S13	SES206	-1.82903	-48.6416	-46.8126
BLOCK06/SES069/SA069S13	SES226	-1.50554	-48.3181	-46.8126
BLOCK06/SES069/SA069S23	SES029	-1.7368	-46.7793	-45.0425
BLOCK06/SES069/SA069S23	SES087	-1.5966	-46.6391	-45.0425
BLOCK06/SES069/SA069S23	SES206	-1.6673	-46.7098	-45.0425
BLOCK06/SES069/SA069S23	SES226	-1.00407	-46.0465	-45.0425
BLOCK06/SES069/SA069S25	SES087	-1.45642	-47.234	-45.7776
BLOCK06/SES069/SA069S25	SES206	-2.10538	-47.883	-45.7776
BLOCK06/SES069/SA069S25	SES226	-1.05649	-46.8341	-45.7776
BLOCK06/SES069/SA069S25	SES270	-1.22047	-46.9981	-45.7776
BLOCK06/SES069/SA069S27	SES087	-2.22434	-47.8109	-45.5865
BLOCK06/SES069/SA069S27	SES206	-0.910263	-46.4968	-45.5865
BLOCK06/SES069/SA069S27	SES226	-0.802197	-46.3887	-45.5865
BLOCK06/SES069/SA069S27	SES270	-1.31927	-46.9058	-45.5865
BLOCK08/SES081/SA081S11	SES060	-1.79409	-49.0272	-47.2331
BLOCK08/SES081/SA081S11	SES062	-4.05911	-51.2922	-47.2331
BLOCK08/SES081/SA081S11	SES117	-2.32459	-49.5577	-47.2331
BLOCK08/SES081/SA081S11	SES162	-2.3427	-49.5758	-47.2331
BLOCK08/SES081/SA081S13	SES016	-1.10891	-47.5251	-46.4162
BLOCK08/SES081/SA081S13	SES060	-0.635502	-47.0517	-46.4162
BLOCK08/SES081/SA081S13	SES068	-0.638088	-47.0543	-46.4162
BLOCK08/SES081/SA081S13	SES129	-1.75664	-48.1729	-46.4162
BLOCK08/SES081/SA081S24	SES060	-1.22271	-48.095	-46.8723
BLOCK08/SES081/SA081S24	SES068	-1.234	-48.1063	-46.8723
BLOCK08/SES081/SA081S24	SES117	-1.53514	-48.4075	-46.8723
BLOCK08/SES081/SA081S24	SES275	-1.98438	-48.8567	-46.8723
BLOCK08/SES081/SA081S27	SES007	-1.98618	-49.1547	-47.1685
BLOCK08/SES081/SA081S27	SES060	-1.69526	-48.8638	-47.1685
BLOCK08/SES081/SA081S27	SES117	-0.784145	-47.9527	-47.1685
BLOCK08/SES081/SA081S27	SES275	-1.87345	-49.042	-47.1685
BLOCK08/SES081/SA081S29	SES007	-2.01236	-48.5379	-46.5255
BLOCK08/SES081/SA081S29	SES060	-1.45095	-47.9765	-46.5255
BLOCK08/SES081/SA081S29	SES117	-1.48328	-48.0088	-46.5255
BLOCK08/SES081/SA081S29	SES275	-2.30043	-48.826	-46.5255
BLOCK08/SES086/SA086S11	SES029	-4.34174	-52.6918	-48.35
BLOCK08/SES086/SA086S11	SES082	-1.91151	-50.2615	-48.35
BLOCK08/SES086/SA086S11	SES087	-1.50708	-49.8571	-48.35
BLOCK08/SES086/SA086S11	SES206	-2.15505	-50.5051	-48.35
BLOCK08/SES086/SA086S12	SES029	-4.7047	-52.2349	-47.5302
BLOCK08/SES086/SA086S12	SES082	-2.10468	-49.6348	-47.5302
BLOCK08/SES086/SA086S12	SES087	-0.166496	-47.6967	-47.5302
BLOCK08/SES086/SA086S12	SES206	-1.31853	-48.8487	-47.5302
BLOCK08/SES086/SA086S20	SES029	-3.96938	-50.3396	-46.3702
BLOCK08/SES086/SA086S20	SES082	-2.2539	-48.6241	-46.3702
BLOCK08/SES086/SA086S20	SES087	-0.00585175	-46.3761	-46.3702
BLOCK08/SES086/SA086S20	SES206	-0.74345	-47.1137	-46.3702
BLOCK08/SES086/SA086S24	SES087	-0.00167465	-47.5313	-47.5296
BLOCK08/SES086/SA086S24	SES104	-1.33222	-48.8618	-47.5296
BLOCK08/SES086/SA086S24	SES120	-4.08451	-51.6141	-47.5296
BLOCK08/SES086/SA086S24	SES206	-0.213383	-47.743	-47.5296
BLOCK08/SES086/SA086S28	SES029	-3.22847	-49.4773	-46.2488
BLOCK08/SES086/SA086S28	SES082	-1.80998	-48.0588	-46.2488
BLOCK08/SES086/SA086S28	SES087	-0.259872	-46.5087	-46.2488
BLOCK08/SES086/SA086S28	SES206	-0.997997	-47.2468	-46.2488
BLOCK08/SES089/SA089S13	SES087	-1.54334	-48.4985	-46.9552
BLOCK08/SES089/SA089S13	SES206	-1.71082	-48.666	-46.9552
BLOCK08/SES089/SA089S13	SES226	-1.8833	-48.8385	-46.9552
BLOCK08/SES089/SA089S13	SES270	-2.13329	-49.0885	-46.9552
BLOCK08/SES089/SA089S14	SES062	-1.92552	-49.0234	-47.0979
BLOCK08/SES089/SA089S14	SES087	-0.503284	-47.6012	-47.0979
BLOCK08/SES089/SA089S14	SES206	-0.361317	-47.4592	-47.0979
BLOCK08/SES089/SA089S14	SES226	-0.774834	-47.8727	-47.0979
BLOCK08/SES089/SA089S23	SES087	-1.1195	-48.8665	-47.747
BLOCK08/SES089/SA089S23	SES206	-1.15967	-48.9067	-47.747
BLOCK08/SES089/SA089S23	SES226	-1.77073	-49.5178	-47.747
BLOCK08/SES089/SA089S23	SES270	-1.62468	-49.3717	-47.747
BLOCK08/SES089/SA089S25	SES062	-2.29693	-48.9064	-46.6094
BLOCK08/SES089/SA089S25	SES087	-0.230568	-46.84	-46.6094
BLOCK08/SES089/SA089S25	SES206	-1.10539	-47.7148	-46.6094
BLOCK08/SES089/SA089S25	SES226	-1.02342	-47.6329	-46.6094
BLOCK08/SES089/SA089S28	SES062	-2.13146	-48.8404	-46.709
BLOCK08/SES089/SA089S28	SES087	-0.662739	-47.3717	-46.709
BLOCK08/SES089/SA089S28	SES206	-0.776814	-47.4858	-46.709
BLOCK08/SES089/SA089S28	SES226	-1.20724	-47.9162	-46.709
BLOCK09/SES097/SA097S11	SES099	-0.206059	-47.6688	-47.4627
BLOCK09/SES097/SA097S11	SES125	-2.12796	-49.5907	-47.4627
BLOCK09/SES097/SA097S11	SES206	-1.57012	-49.0328	-47.4627
BLOCK09/SES097/SA097S11	SES226	-0.461342	-47.924	-47.4627
BLOCK09/SES097/SA097S14	SES062	-2.93224	-50.2389	-47.3066
BLOCK09/SES097/SA097S14	SES099	-0.850334	-48.1569	-47.3066
BLOCK09/SES097/SA097S14	SES104	-1.62048	-48.9271	-47.3066
BLOCK09/SES097/SA097S14	SES206	-1.50964	-48.8162	-47.3066
BLOCK09/SES097/SA097S22	SES099	-0.212891	-47.3092	-47.0963
BLOCK09/SES097/SA097S22	SES206	-1.26212	-48.3584	-47.0963
BLOCK09/SES097/SA097S22	SES226	-1.72737	-48.8236	-47.0963
BLOCK09/SES097/SA097S22	SES270	-0.486431	-47.5827	-47.0963
BLOCK09/SES097/SA097S26	SES099	-0.365131	-46.5673	-46.2021
BLOCK09/SES097/SA097S26	SES120	-3.40088	-49.603	-46.2021
BLOCK09/SES097/SA097S26	SES206	-1.30776	-47.5099	-46.2021
BLOCK09/SES097/SA097S26	SES226	-2.27425	-48.4764	-46.2021
BLOCK09/SES097/SA097S28	SES099	-0.727932	-47.8809	-47.1529
BLOCK09/SES097/SA097S28	SES120	-2.79936	-49.9523	-47.1529
BLOCK09/SES097/SA097S28	SES206	-1.88409	-49.037	-47.1529
BLOCK09/SES097/SA097S28	SES226	-1.99835	-49.1513	-47.1529
BLOCK09/SES098/SA098S11	SES127	-2.96177	-52.1654	-49.2036
BLOCK09/SES098/SA098S11	SES144	-1.42869	-50.6323	-49.2036
BLOCK09/SES098/SA098S11	SES147	-1.2168	-50.4204	-49.2036
BLOCK09/SES098/SA098S11	SES148	-2.77557	-51.9792	-49.2036
BLOCK09/SES098/SA098S12	SES127	-4.91774	-55.3141	-50.3964
BLOCK09/SES098/SA098S12	SES144	-2.19211	-52.5885	-50.3964
BLOCK09/SES098/SA098S12	SES147	-1.61203	-52.0084	-50.3964
BLOCK09/SES098/SA098S12	SES189	-1.31017	-51.7066	-50.3964
BLOCK09/SES098/SA098S20	SES127	-4.66222	-53.8764	-49.2142
BLOCK09/SES098/SA098S20	SES147	-1.3314	-50.5456	-49.2142
BLOCK09/SES098/SA098S20	SES148	-4.2212	-53.4354	-49.2142
BLOCK09/SES098/SA098S20	SES292	-3.11529	-52.3295	-49.2142
BLOCK09/SES098/SA098S23	SES127	-2.64437	-51.2609	-48.6165
BLOCK09/SES098/SA098S23	SES147	-1.05099	-49.6675	-48.6165
BLOCK09/SES098/SA098S23	SES187	-1.38684	-50.0033	-48.6165
BLOCK09/SES098/SA098S23	SES292	-2.46776	-51.0843	-48.6165
BLOCK09/SES098/SA098S27	SES127	-3.42798	-52.254	-48.826
BLOCK09/SES098/SA098S27	SES147	-2.167	-50.993	-48.826
BLOCK09/SES098/SA098S27	SES148	-3.0477	-51.8737	-48.826
BLOCK09/SES098/SA098S27	SES292	-2.32525	-51.1512	-48.826
BLOCK10/SES102/SA102S13	SES101	-0.399567	-49.3508	-48.9513
BLOCK10/SES102/SA102S13	SES105	-2.03134	-50.9826	-48.9513
BLOCK10/SES102/SA102S13	SES120	-1.78559	-50.7369	-48.9513
BLOCK10/SES102/SA102S13	SES158	-5.97636	-54.9276	-48.9513
BLOCK10/SES102/SA102S14	SES007	-0.578846	-47.4121	-46.8332
BLOCK10/SES102/SA102S14	SES101	-0.566948	-47.4002	-46.8332
BLOCK10/SES102/SA102S14	SES105	-0.727737	-47.561	-46.8332
BLOCK10/SES102/SA102S14	SES147	-1.78027	-48.6135	-46.8332
BLOCK10/SES102/SA102S22	SES007	-1.43291	-48.5354	-47.1025
BLOCK10/SES102/SA102S22	SES101	-0.208412	-47.3109	-47.1025
BLOCK10/SES102/SA102S22	SES105	-0.725063	-47.8275	-47.1025
BLOCK10/SES102/SA102S22	SES158	-3.82426	-50.9267	-47.1025
BLOCK10/SES102/SA102S25	SES007	-0.861099	-47.8164	-46.9553
BLOCK10/SES102/SA102S25	SES101	-0.366863	-47.3222	-46.9553
BLOCK10/SES102/SA102S25	SES105	-0.92329	-47.8786	-46.9553
BLOCK10/SES102/SA102S25	SES147	-2.91445	-49.8697	-46.9553
BLOCK10/SES102/SA102S27	SES007	-1.369	-48.92	-47.551
BLOCK10/SES102/SA102S27	SES101	-0.544579	-48.0956	-47.551
BLOCK10/SES102/SA102S27	SES105	-1.15191	-48.7029	-47.551
BLOCK10/SES102/SA102S27	SES147	-1.75229	-49.3033	-47.551
BLOCK10/SES103/SA103S14	SES105	-2.85393	-51.3426	-48.4886
BLOCK10/SES103/SA103S14	SES106	-1.24521	-49.7339	-48.4886
BLOCK10/SES103/SA103S14	SES120	-3.58297	-52.0716	-48.4886
BLOCK10/SES103/SA103S14	SES206	-1.72573	-50.2144	-48.4886
BLOCK10/SES103/SA103S15	SES099	-0.612514	-49.7773	-49.1648
BLOCK10/SES103/SA103S15	SES101	-3.93484	-53.0997	-49.1648
BLOCK10/SES103/SA103S15	SES104	-1.31186	-50.4767	-49.1648
BLOCK10/SES103/SA103S15	SES125	-1.40512	-50.5699	-49.1648
BLOCK10/SES103/SA103S24	SES104	-1.53971	-49.2864	-47.7467
BLOCK10/SES103/SA103S24	SES125	-1.67056	-49.4173	-47.7467
BLOCK10/SES103/SA103S24	SES148	-3.00539	-50.7521	-47.7467
BLOCK10/SES103/SA103S24	SES158	-0.647598	-48.3943	-47.7467
BLOCK10/SES103/SA103S26	SES104	-1.94704	-50.4008	-48.4537
BLOCK10/SES103/SA103S26	SES106	-1.07954	-49.5332	-48.4537
BLOCK10/SES103/SA103S26	SES125	-1.92574	-50.3795	-48.4537
BLOCK10/SES103/SA103S26	SES148	-3.19545	-51.6492	-48.4537
BLOCK10/SES103/SA103S28	SES104	-2.50832	-51.7027	-49.1944
BLOCK10/SES103/SA103S28	SES106	-1.85556	-51.0499	-49.1944
BLOCK10/SES103/SA103S28	SES125	-2.88157	-52.0759	-49.1944
BLOCK10/SES103/SA103S28	SES206	-2.96698	-52.1613	-49.1944
BLOCK12/SES121/SA121S12	SES042	-2.46938	-51.9471	-49.4777
BLOCK12/SES121/SA121S12	SES087	-1.35315	-50.8308	-49.4777
BLOCK12/SES121/SA121S12	SES105	-1.66362	-51.1413	-49.4777
BLOCK12/SES121/SA121S12	SES206	-1.27426	-50.7519	-49.4777
BLOCK12/SES121/SA121S14	SES007	-2.77828	-53.0307	-50.2524
BLOCK12/SES121/SA121S14	SES105	-2.47252	-52.7249	-50.2524
BLOCK12/SES121/SA121S14	SES106	-1.31177	-51.5642	-50.2524
BLOCK12/SES121/SA121S14	SES206	-1.62101	-51.8734	-50.2524
BLOCK12/SES121/SA121S23	SES105	-2.82676	-53.1766	-50.3499
BLOCK12/SES121/SA121S23	SES106	-1.35631	-51.7062	-50.3499
BLOCK12/SES121/SA121S23	SES120	-3.39156	-53.7414	-50.3499
BLOCK12/SES121/SA121S23	SES206	-1.394	-51.7439	-50.3499
BLOCK12/SES121/SA121S25	SES007	-2.60257	-53.5923	-50.9898
BLOCK12/SES121/SA121S25	SES105	-2.87879	-53.8685	-50.9898
BLOCK12/SES121/SA121S25	SES106	-1.60598	-52.5957	-50.9898
BLOCK12/SES121/SA121S25	SES206	-1.69855	-52.6883	-50.9898
BLOCK12/SES121/SA121S27	SES087	-0.0865135	-49.4857	-49.3992
BLOCK12/SES121/SA121S27	SES105	-3.77817	-53.1774	-49.3992
BLOCK12/SES121/SA121S27	SES120	-3.20383	-52.603	-49.3992
BLOCK12/SES121/SA121S27	SES206	-1.15162	-50.5508	-49.3992
BLOCK12/SES124/SA124S16	SES042	-0.981831	-48.842	-47.8602
BLOCK12/SES124/SA124S16	SES082	-1.12807	-48.9882	-47.8602
BLOCK12/SES124/SA124S16	SES183	-3.53442	-51.3946	-47.8602
BLOCK12/SES124/SA124S16	SES206	-1.47113	-49.3313	-47.8602
BLOCK12/SES124/SA124S17	SES105	-2.54114	-51.1841	-48.643
BLOCK12/SES124/SA124S17	SES149	-2.14657	-50.7895	-48.643
BLOCK12/SES124/SA124S17	SES158	-1.86725	-50.5102	-48.643
BLOCK12/SES124/SA124S17	SES275	-3.53491	-52.1779	-48.643
BLOCK12/SES124/SA124S23	SES105	-2.59372	-48.5324	-45.9386
BLOCK12/SES124/SA124S23	SES125	-0.528648	-46.4673	-45.9386
BLOCK12/SES124/SA124S23	SES129	-3.51175	-49.4504	-45.9386
BLOCK12/SES124/SA124S23	SES158	-0.690498	-46.6291	-45.9386
BLOCK12/SES124/SA124S26	SES105	-3.32221	-49.9801	-46.6579
BLOCK12/SES124/SA124S26	SES125	-0.757908	-47.4158	-46.6579
BLOCK12/SES124/SA124S26	SES129	-3.98558	-50.6435	-46.6579
BLOCK12/SES124/SA124S26	SES158	-0.843807	-47.5017	-46.6579
BLOCK12/SES124/SA124S28	SES104	-1.17948	-47.6145	-46.435
BLOCK12/SES124/SA124S28	SES106	-0.762646	-47.1977	-46.435
BLOCK12/SES124/SA124S28	SES125	-0.761288	-47.1963	-46.435
BLOCK12/SES124/SA124S28	SES275	-3.72294	-50.158	-46.435
BLOCK12/SES126/SA126S13	SES007	-2.28841	-51.6361	-49.3477
BLOCK12/SES126/SA126S13	SES162	-1.81774	-51.1655	-49.3477
BLOCK12/SES126/SA126S13	SES177	-1.3375	-50.6852	-49.3477
BLOCK12/SES126/SA126S13	SES180	-2.00616	-51.3539	-49.3477
BLOCK12/SES126/SA126S14	SES144	-1.69597	-49.3396	-47.6437
BLOCK12/SES126/SA126S14	SES148	-1.59346	-49.2371	-47.6437
BLOCK12/SES126/SA126S14	SES177	-0.754669	-48.3983	-47.6437
BLOCK12/SES126/SA126S14	SES180	-1.12676	-48.7704	-47.6437
BLOCK12/SES126/SA126S20	SES007	-2.21052	-50.3677	-48.1572
BLOCK12/SES126/SA126S20	SES162	-2.31483	-50.472	-48.1572
BLOCK12/SES126/SA126S20	SES172	-3.834	-51.9912	-48.1572
BLOCK12/SES126/SA126S20	SES180	-3.35851	-51.5157	-48.1572
BLOCK12/SES126/SA126S24	SES120	-1.30902	-48.7881	-47.4791
BLOCK12/SES126/SA126S24	SES162	-1.5842	-49.0633	-47.4791
BLOCK12/SES126/SA126S24	SES177	-1.29787	-48.7769	-47.4791
BLOCK12/SES126/SA126S24	SES180	-1.01199	-48.491	-47.4791
BLOCK12/SES126/SA126S26	SES120	-0.875927	-49.4133	-48.5374
BLOCK12/SES126/SA126S26	SES177	-0.662556	-49.2	-48.5374
BLOCK12/SES126/SA126S26	SES180	-1.12698	-49.6644	-48.5374
BLOCK12/SES126/SA126S26	SES202	-2.81648	-51.3539	-48.5374
BLOCK12/SES128/SA128S10	SES087	-2.22594	-49.2396	-47.0136
BLOCK12/SES128/SA128S10	SES206	-1.67719	-48.6908	-47.0136
BLOCK12/SES128/SA128S10	SES226	-0.790527	-47.8042	-47.0136
BLOCK12/SES128/SA128S10	SES270	-1.01003	-48.0237	-47.0136
BLOCK12/SES128/SA128S12	SES120	-2.94298	-50.1994	-47.2564
BLOCK12/SES128/SA128S12	SES158	-1.5654	-48.8218	-47.2564
BLOCK12/SES128/SA128S12	SES206	-1.43984	-48.6963	-47.2564
BLOCK12/SES128/SA128S12	SES226	-1.38107	-48.6375	-47.2564
BLOCK12/SES128/SA128S21	SES106	-2.49143	-50.4032	-47.9118
BLOCK12/SES128/SA128S21	SES120	-2.45858	-50.3704	-47.9118
BLOCK12/SES128/SA128S21	SES206	-1.5027	-49.4145	-47.9118
BLOCK12/SES128/SA128S21	SES226	-1.34474	-49.2565	-47.9118
BLOCK12/SES128/SA128S24	SES087	-2.46238	-50.0477	-47.5853
BLOCK12/SES128/SA128S24	SES120	-1.8522	-49.4375	-47.5853
BLOCK12/SES128/SA128S24	SES206	-1.89902	-49.4843	-47.5853
BLOCK12/SES128/SA128S24	SES226	-1.93192	-49.5172	-47.5853
BLOCK12/SES128/SA128S27	SES099	-0.634468	-47.1918	-46.5574
BLOCK12/SES128/SA128S27	SES120	-2.01266	-48.57	-46.5574
BLOCK12/SES128/SA128S27	SES206	-1.26639	-47.8238	-46.5574
BLOCK12/SES128/SA128S27	SES226	-1.35026	-47.9076	-46.5574
BLOCK13/SES130/SA130S13	SES143	-2.35662	-51.3034	-48.9467
BLOCK13/SES130/SA130S13	SES144	-1.04155	-49.9883	-48.9467
BLOCK13/SES130/SA130S13	SES146	-1.23802	-50.1848	-48.9467
BLOCK13/SES130/SA130S13	SES275	-3.30581	-52.2526	-48.9467
BLOCK13/SES130/SA130S15	SES143	-2.35823	-49.8704	-47.5122
BLOCK13/SES130/SA130S15	SES144	-0.869301	-48.3815	-47.5122
BLOCK13/SES130/SA130S15	SES146	-0.988178	-48.5004	-47.5122
BLOCK13/SES130/SA130S15	SES275	-1.48423	-48.9964	-47.5122
BLOCK13/SES130/SA130S23	SES127	-2.8575	-52.0181	-49.1606
BLOCK13/SES130/SA130S23	SES144	-1.36593	-50.5265	-49.1606
BLOCK13/SES130/SA130S23	SES146	-1.47483	-50.6354	-49.1606
BLOCK13/SES130/SA130S23	SES162	-1.08276	-50.2434	-49.1606
BLOCK13/SES130/SA130S25	SES127	-2.00347	-49.3131	-47.3096
BLOCK13/SES130/SA130S25	SES144	-0.583454	-47.8931	-47.3096
BLOCK13/SES130/SA130S25	SES146	-0.982513	-48.2921	-47.3096
BLOCK13/SES130/SA130S25	SES275	-0.968361	-48.278	-47.3096
BLOCK13/SES130/SA130S28	SES127	-1.39624	-48.988	-47.5917
BLOCK13/SES130/SA130S28	SES144	-1.07145	-48.6632	-47.5917
BLOCK13/SES130/SA130S28	SES146	-1.40467	-48.9964	-47.5917
BLOCK13/SES130/SA130S28	SES275	-0.915466	-48.5072	-47.5917
BLOCK13/SES131/SA131S13	SES002	-1.92009	-51.6271	-49.707
BLOCK13/SES131/SA131S13	SES007	-3.24301	-52.9501	-49.707
BLOCK13/SES131/SA131S13	SES099	-1.78947	-51.4965	-49.707
BLOCK13/SES131/SA131S13	SES105	-2.49709	-52.2041	-49.707
BLOCK13/SES131/SA131S14	SES104	-0.89085	-48.9607	-48.0698
BLOCK13/SES131/SA131S14	SES106	-0.643131	-48.713	-48.0698
BLOCK13/SES131/SA131S14	SES125	-1.40308	-49.4729	-48.0698
BLOCK13/SES131/SA131S14	SES148	-2.28685	-50.3567	-48.0698
BLOCK13/SES131/SA131S20	SES104	-1.76003	-50.8133	-49.0533
BLOCK13/SES131/SA131S20	SES106	-0.936852	-49.9902	-49.0533
BLOCK13/SES131/SA131S20	SES125	-1.83599	-50.8893	-49.0533
BLOCK13/SES131/SA131S20	SES148	-3.38483	-52.4381	-49.0533
BLOCK13/SES131/SA131S22	SES099	-1.13039	-49.1821	-48.0517
BLOCK13/SES131/SA131S22	SES104	-1.79758	-49.8493	-48.0517
BLOCK13/SES131/SA131S22	SES125	-1.98419	-50.0359	-48.0517
BLOCK13/SES131/SA131S22	SES206	-1.93534	-49.987	-48.0517
BLOCK13/SES131/SA131S29	SES087	-1.61677	-50.5177	-48.9009
BLOCK13/SES131/SA131S29	SES104	-2.1747	-51.0756	-48.9009
BLOCK13/SES131/SA131S29	SES125	-2.12089	-51.0218	-48.9009
BLOCK13/SES131/SA131S29	SES206	-1.79738	-50.6983	-48.9009
BLOCK13/SES132/SA132S11	SES083	-2.21235	-49.3907	-47.1783
BLOCK13/SES132/SA132S11	SES120	-0.417065	-47.5954	-47.1783
BLOCK13/SES132/SA132S11	SES127	-1.18352	-48.3618	-47.1783
BLOCK13/SES132/SA132S11	SES275	-1.56958	-48.7479	-47.1783
BLOCK13/SES132/SA132S12	SES083	-1.62607	-48.5959	-46.9698
BLOCK13/SES132/SA132S12	SES143	-1.71233	-48.6822	-46.9698
BLOCK13/SES132/SA132S12	SES144	-1.33857	-48.3084	-46.9698
BLOCK13/SES132/SA132S12	SES148	-2.03265	-49.0025	-46.9698
BLOCK13/SES132/SA132S22	SES062	-1.25851	-48.0452	-46.7867
BLOCK13/SES132/SA132S22	SES083	-1.40248	-48.1892	-46.7867
BLOCK13/SES132/SA132S22	SES127	-0.981697	-47.7684	-46.7867
BLOCK13/SES132/SA132S22	SES275	-1.05204	-47.8387	-46.7867
BLOCK13/SES132/SA132S24	SES007	-1.01649	-47.9169	-46.9004
BLOCK13/SES132/SA132S24	SES083	-2.1252	-49.0256	-46.9004
BLOCK13/SES132/SA132S24	SES127	-1.79564	-48.6961	-46.9004
BLOCK13/SES132/SA132S24	SES275	-1.74875	-48.6492	-46.9004
BLOCK13/SES132/SA132S27	SES083	-2.03193	-49.648	-47.616
BLOCK13/SES132/SA132S27	SES120	-0.48521	-48.1012	-47.616
BLOCK13/SES132/SA132S27	SES127	-1.51609	-49.1321	-47.616
BLOCK13/SES132/SA132S27	SES275	-1.77124	-49.3873	-47.616
BLOCK14/SES141/SA141S09	SES143	-0.976276	-49.102	-48.1258
BLOCK14/SES141/SA141S09	SES144	-1.10255	-49.2283	-48.1258
BLOCK14/SES141/SA141S09	SES162	-1.12657	-49.2523	-48.1258
BLOCK14/SES141/SA141S09	SES180	-1.10804	-49.2338	-48.1258
BLOCK14/SES141/SA141S15	SES127	-1.82376	-49.4667	-47.643
BLOCK14/SES141/SA141S15	SES144	-1.19369	-48.8367	-47.643
BLOCK14/SES141/SA141S15	SES162	-1.43623	-49.0792	-47.643
BLOCK14/SES141/SA141S15	SES180	-0.933502	-48.5765	-47.643
BLOCK14/SES141/SA141S24	SES127	-1.31817	-48.6561	-47.3379
BLOCK14/SES141/SA141S24	SES144	-1.95594	-49.2939	-47.3379
BLOCK14/SES141/SA141S24	SES162	-0.870777	-48.2087	-47.3379
BLOCK14/SES141/SA141S24	SES183	-2.31278	-49.6507	-47.3379
BLOCK14/SES141/SA141S26	SES142	-1.44813	-49.7301	-48.282
BLOCK14/SES141/SA141S26	SES144	-1.78143	-50.0634	-48.282
BLOCK14/SES141/SA141S26	SES172	-1.5383	-49.8203	-48.282
BLOCK14/SES141/SA141S26	SES180	-0.828228	-49.1102	-48.282
BLOCK14/SES141/SA141S29	SES127	-0.54137	-47.9836	-47.4422
BLOCK14/SES141/SA141S29	SES142	-0.158794	-47.601	-47.4422
BLOCK14/SES141/SA141S29	SES144	-1.36693	-48.8091	-47.4422
BLOCK14/SES141/SA141S29	SES180	-0.503162	-47.9454	-47.4422
BLOCK15/SES157/SA157S08	SES083	-2.391	-50.3329	-47.9419
BLOCK15/SES157/SA157S08	SES127	-1.85205	-49.794	-47.9419
BLOCK15/SES157/SA157S08	SES148	-1.33994	-49.2819	-47.9419
BLOCK15/SES157/SA157S08	SES292	-1.84671	-49.7886	-47.9419
BLOCK15/SES157/SA157S11	SES083	-2.22532	-49.7074	-47.482
BLOCK15/SES157/SA157S11	SES127	-2.28416	-49.7662	-47.482
BLOCK15/SES157/SA157S11	SES148	-1.29144	-48.7735	-47.482
BLOCK15/SES157/SA157S11	SES292	-2.10437	-49.5864	-47.482
BLOCK15/SES157/SA157S21	SES127	-1.83411	-49.0459	-47.2118
BLOCK15/SES157/SA157S21	SES148	-0.858994	-48.0708	-47.2118
BLOCK15/SES157/SA157S21	SES158	-4.5119	-51.7237	-47.2118
BLOCK15/SES157/SA157S21	SES292	-1.63506	-48.8468	-47.2118
BLOCK15/SES157/SA157S24	SES127	-1.94321	-49.2468	-47.3036
BLOCK15/SES157/SA157S24	SES148	-1.16019	-48.4638	-47.3036
BLOCK15/SES157/SA157S24	SES183	-2.29755	-49.6012	-47.3036
BLOCK15/SES157/SA157S24	SES292	-2.02827	-49.3319	-47.3036
BLOCK15/SES157/SA157S26	SES007	-1.44897	-48.3856	-46.9366
BLOCK15/SES157/SA157S26	SES127	-1.22385	-48.1604	-46.9366
BLOCK15/SES157/SA157S26	SES147	-2.22871	-49.1653	-46.9366
BLOCK15/SES157/SA157S26	SES148	-1.38901	-48.3256	-46.9366
BLOCK16/SES161/SA161S10	SES007	-2.10258	-51.2274	-49.1248
BLOCK16/SES161/SA161S10	SES105	-1.66439	-50.7892	-49.1248
BLOCK16/SES161/SA161S10	SES158	-2.04636	-51.1711	-49.1248
BLOCK16/SES161/SA161S10	SES275	-1.93567	-51.0604	-49.1248
BLOCK16/SES161/SA161S12	SES007	-1.82688	-50.2587	-48.4318
BLOCK16/SES161/SA161S12	SES105	-2.01937	-50.4511	-48.4318
BLOCK16/SES161/SA161S12	SES158	-1.56875	-50.0005	-48.4318
BLOCK16/SES161/SA161S12	SES275	-1.68973	-50.1215	-48.4318
BLOCK16/SES161/SA161S20	SES007	-2.12927	-52.0644	-49.9351
BLOCK16/SES161/SA161S20	SES105	-2.23875	-52.1739	-49.9351
BLOCK16/SES161/SA161S20	SES158	-1.80187	-51.737	-49.9351
BLOCK16/SES161/SA161S20	SES275	-2.51542	-52.4505	-49.9351
BLOCK16/SES161/SA161S23	SES007	-2.27373	-50.2853	-48.0116
BLOCK16/SES161/SA161S23	SES105	-1.50048	-49.5121	-48.0116
BLOCK16/SES161/SA161S23	SES148	-2.34138	-50.353	-48.0116
BLOCK16/SES161/SA161S23	SES158	-1.19809	-49.2097	-48.0116
BLOCK16/SES161/SA161S28	SES007	-3.00081	-51.2905	-48.2897
BLOCK16/SES161/SA161S28	SES105	-2.7108	-51.0005	-48.2897
BLOCK16/SES161/SA161S28	SES158	-1.16995	-49.4596	-48.2897
BLOCK16/SES161/SA161S28	SES206	-1.5524	-49.8421	-48.2897
BLOCK16/SES164/SA164S11	SES104	-2.16169	-48.8914	-46.7297
BLOCK16/SES164/SA164S11	SES125	-1.07244	-47.8021	-46.7297
BLOCK16/SES164/SA164S11	SES158	-0.299446	-47.0292	-46.7297
BLOCK16/SES164/SA164S11	SES206	-2.1671	-48.8968	-46.7297
BLOCK16/SES164/SA164S13	SES099	-1.57199	-49.3962	-47.8242
BLOCK16/SES164/SA164S13	SES104	-2.49093	-50.3151	-47.8242
BLOCK16/SES164/SA164S13	SES125	-2.5464	-50.3706	-47.8242
BLOCK16/SES164/SA164S13	SES206	-2.41393	-50.2381	-47.8242
BLOCK16/SES164/SA164S24	SES002	-0.573086	-47.8575	-47.2845
BLOCK16/SES164/SA164S24	SES099	-0.793537	-48.078	-47.2845
BLOCK16/SES164/SA164S24	SES125	-2.33917	-49.6236	-47.2845
BLOCK16/SES164/SA164S24	SES226	-1.08695	-48.3714	-47.2845
BLOCK16/SES164/SA164S27	SES087	-3.00358	-50.5537	-47.5501
BLOCK16/SES164/SA164S27	SES125	-2.30237	-49.8525	-47.5501
BLOCK16/SES164/SA164S27	SES206	-1.94135	-49.4914	-47.5501
BLOCK16/SES164/SA164S27	SES226	-1.59599	-49.1461	-47.5501
BLOCK16/SES164/SA164S29	SES002	-0.443497	-47.7722	-47.3287
BLOCK16/SES164/SA164S29	SES019	-1.84756	-49.1763	-47.3287
BLOCK16/SES164/SA164S29	SES125	-1.85874	-49.1874	-47.3287
BLOCK16/SES164/SA164S29	SES226	-1.26065	-48.5894	-47.3287
BLOCK16/SES169/SA169S13	SES117	-1.66225	-49.5245	-47.8623
BLOCK16/SES169/SA169S13	SES144	-1.11689	-48.9792	-47.8623
BLOCK16/SES169/SA169S13	SES146	-1.42901	-49.2913	-47.8623
BLOCK16/SES169/SA169S13	SES162	-1.54483	-49.4071	-47.8623
BLOCK16/SES169/SA169S14	SES144	-1.26789	-47.9001	-46.6322
BLOCK16/SES169/SA169S14	SES148	-1.1341	-47.7663	-46.6322
BLOCK16/SES169/SA169S14	SES177	-1.26609	-47.8983	-46.6322
BLOCK16/SES169/SA169S14	SES180	-2.41617	-49.0484	-46.6322
BLOCK16/SES169/SA169S24	SES117	-1.14842	-49.8204	-48.672
BLOCK16/SES169/SA169S24	SES144	-0.754559	-49.4266	-48.672
BLOCK16/SES169/SA169S24	SES146	-1.25948	-49.9315	-48.672
BLOCK16/SES169/SA169S24	SES162	-1.23918	-49.9112	-48.672
BLOCK16/SES169/SA169S27	SES127	-1.3008	-49.0914	-47.7906
BLOCK16/SES169/SA169S27	SES129	-1.21527	-49.0059	-47.7906
BLOCK16/SES169/SA169S27	SES144	-1.64759	-49.4382	-47.7906
BLOCK16/SES169/SA169S27	SES146	-0.610832	-48.4015	-47.7906
BLOCK16/SES169/SA169S29	SES144	-0.588451	-47.8648	-47.2763
BLOCK16/SES169/SA169S29	SES162	-1.10867	-48.385	-47.2763
BLOCK16/SES169/SA169S29	SES177	-2.41045	-49.6868	-47.2763
BLOCK16/SES169/SA169S29	SES180	-1.4989	-48.7752	-47.2763
BLOCK17/SES171/SA171S12	SES083	-1.37255	-49.9819	-48.6093
BLOCK17/SES171/SA171S12	SES148	-1.40461	-50.0139	-48.6093
BLOCK17/SES171/SA171S12	SES172	-1.50023	-50.1095	-48.6093
BLOCK17/SES171/SA171S12	SES292	-2.31575	-50.9251	-48.6093
BLOCK17/SES171/SA171S15	SES148	-1.54193	-50.4353	-48.8934
BLOCK17/SES171/SA171S15	SES177	-1.72158	-50.6149	-48.8934
BLOCK17/SES171/SA171S15	SES180	-3.37013	-52.2635	-48.8934
BLOCK17/SES171/SA171S15	SES292	-2.71763	-51.611	-48.8934
BLOCK17/SES171/SA171S22	SES007	-2.21152	-49.89	-47.6785
BLOCK17/SES171/SA171S22	SES148	-1.05549	-48.734	-47.6785
BLOCK17/SES171/SA171S22	SES177	-0.901871	-48.5804	-47.6785
BLOCK17/SES171/SA171S22	SES180	-1.83672	-49.5152	-47.6785
BLOCK17/SES171/SA171S25	SES101	-2.50084	-51.3679	-48.8671
BLOCK17/SES171/SA171S25	SES120	-3.14479	-52.0118	-48.8671
BLOCK17/SES171/SA171S25	SES177	-1.78846	-50.6555	-48.8671
BLOCK17/SES171/SA171S25	SES180	-3.39091	-52.258	-48.8671
BLOCK17/SES171/SA171S27	SES177	-1.1438	-49.2509	-48.1071
BLOCK17/SES171/SA171S27	SES180	-2.45334	-50.5604	-48.1071
BLOCK17/SES171/SA171S27	SES189	-1.18479	-49.2919	-48.1071
BLOCK17/SES171/SA171S27	SES292	-2.96259	-51.0697	-48.1071
BLOCK17/SES173/SA173S13	SES162	-3.20552	-52.5933	-49.3878
BLOCK17/SES173/SA173S13	SES177	-2.919	-52.3068	-49.3878
BLOCK17/SES173/SA173S13	SES180	-3.07271	-52.4605	-49.3878
BLOCK17/SES173/SA173S13	SES292	-2.39516	-51.7829	-49.3878
BLOCK17/SES173/SA173S14	SES007	-2.81633	-52.6214	-49.8051
BLOCK17/SES173/SA173S14	SES162	-2.56358	-52.3687	-49.8051
BLOCK17/SES173/SA173S14	SES177	-1.57869	-51.3838	-49.8051
BLOCK17/SES173/SA173S14	SES180	-3.21202	-53.0171	-49.8051
BLOCK17/SES173/SA173S24	SES144	-1.52871	-51.8109	-50.2822
BLOCK17/SES173/SA173S24	SES162	-2.91386	-53.1961	-50.2822
BLOCK17/SES173/SA173S24	SES177	-1.95539	-52.2376	-50.2822
BLOCK17/SES173/SA173S24	SES180	-3.22838	-53.5106	-50.2822
BLOCK17/SES173/SA173S27	SES162	-3.18821	-52.5689	-49.3807
BLOCK17/SES173/SA173S27	SES177	-2.419	-51.7997	-49.3807
BLOCK17/SES173/SA173S27	SES180	-2.62352	-52.0042	-49.3807
BLOCK17/SES173/SA173S27	SES292	-2.8679	-52.2486	-49.3807
BLOCK17/SES173/SA173S29	SES162	-3.26785	-52.3635	-49.0957
BLOCK17/SES173/SA173S29	SES175	-1.44332	-50.539	-49.0957
BLOCK17/SES173/SA173S29	SES177	-2.26657	-51.3623	-49.0957
BLOCK17/SES173/SA173S29	SES292	-3.25921	-52.3549	-49.0957
BLOCK18/SES182/SA182S10	SES144	-1.09423	-48.9765	-47.8823
BLOCK18/SES182/SA182S10	SES177	-1.50639	-49.3887	-47.8823
BLOCK18/SES182/SA182S10	SES180	-2.35829	-50.2406	-47.8823
BLOCK18/SES182/SA182S10	SES275	-1.14632	-49.0286	-47.8823
BLOCK18/SES182/SA182S12	SES144	-0.560272	-48.4339	-47.8736
BLOCK18/SES182/SA182S12	SES177	-1.19954	-49.0731	-47.8736
BLOCK18/SES182/SA182S12	SES180	-1.54898	-49.4226	-47.8736
BLOCK18/SES182/SA182S12	SES275	-1.28795	-49.1616	-47.8736
BLOCK18/SES182/SA182S21	SES117	-1.31284	-49.9043	-48.5914
BLOCK18/SES182/SA182S21	SES144	-1.4813	-50.0727	-48.5914
BLOCK18/SES182/SA182S21	SES162	-0.851261	-49.4427	-48.5914
BLOCK18/SES182/SA182S21	SES180	-1.68189	-50.2733	-48.5914
BLOCK18/SES182/SA182S23	SES117	-1.25492	-49.2566	-48.0017
BLOCK18/SES182/SA182S23	SES144	-1.71937	-49.7211	-48.0017
BLOCK18/SES182/SA182S23	SES180	-2.127	-50.1287	-48.0017
BLOCK18/SES182/SA182S23	SES275	-1.25171	-49.2534	-48.0017
BLOCK18/SES182/SA182S25	SES007	-0.935715	-48.8401	-47.9044
BLOCK18/SES182/SA182S25	SES162	-0.817818	-48.7222	-47.9044
BLOCK18/SES182/SA182S25	SES177	-0.932713	-48.8371	-47.9044
BLOCK18/SES182/SA182S25	SES180	-1.63331	-49.5377	-47.9044
BLOCK18/SES184/SA184S12	SES177	-2.03933	-49.6936	-47.6542
BLOCK18/SES184/SA184S12	SES180	-1.58132	-49.2355	-47.6542
BLOCK18/SES184/SA184S12	SES189	-2.34558	-49.9998	-47.6542
BLOCK18/SES184/SA184S12	SES292	-2.60363	-50.2579	-47.6542
BLOCK18/SES184/SA184S13	SES101	-1.86229	-49.6381	-47.7758
BLOCK18/SES184/SA184S13	SES177	-1.33422	-49.11	-47.7758
BLOCK18/SES184/SA184S13	SES180	-1.49957	-49.2754	-47.7758
BLOCK18/SES184/SA184S13	SES292	-1.91755	-49.6934	-47.7758
BLOCK18/SES184/SA184S22	SES177	-1.53388	-48.2812	-46.7473
BLOCK18/SES184/SA184S22	SES180	-1.81763	-48.565	-46.7473
BLOCK18/SES184/SA184S22	SES189	-3.26221	-50.0096	-46.7473
BLOCK18/SES184/SA184S22	SES292	-2.30533	-49.0527	-46.7473
BLOCK18/SES184/SA184S25	SES101	-1.21075	-47.6461	-46.4354
BLOCK18/SES184/SA184S25	SES177	-1.56882	-48.0042	-46.4354
BLOCK18/SES184/SA184S25	SES180	-1.26859	-47.704	-46.4354
BLOCK18/SES184/SA184S25	SES292	-1.55365	-47.989	-46.4354
BLOCK18/SES184/SA184S27	SES083	-1.72775	-49.3464	-47.6187
BLOCK18/SES184/SA184S27	SES177	-0.961716	-48.5804	-47.6187
BLOCK18/SES184/SA184S27	SES202	-2.34044	-49.9591	-47.6187
BLOCK18/SES184/SA184S27	SES292	-1.8028	-49.4215	-47.6187
BLOCK20/SES204/SA204S12	SES062	-2.4194	-49.092	-46.6726
BLOCK20/SES204/SA204S12	SES083	-2.74316	-49.4157	-46.6726
BLOCK20/SES204/SA204S12	SES206	-0.751999	-47.4245	-46.6726
BLOCK20/SES204/SA204S12	SES226	-1.80834	-48.4809	-46.6726
BLOCK20/SES204/SA204S14	SES068	-2.86709	-48.4248	-45.5577
BLOCK20/SES204/SA204S14	SES087	-0.719715	-46.2775	-45.5577
BLOCK20/SES204/SA204S14	SES206	-1.44662	-47.0044	-45.5577
BLOCK20/SES204/SA204S14	SES226	-1.86657	-47.4243	-45.5577
BLOCK20/SES204/SA204S22	SES068	-3.45452	-49.9758	-46.5212
BLOCK20/SES204/SA204S22	SES082	-3.09103	-49.6123	-46.5212
BLOCK20/SES204/SA204S22	SES083	-3.26717	-49.7884	-46.5212
BLOCK20/SES204/SA204S22	SES206	-1.33632	-47.8576	-46.5212
BLOCK20/SES204/SA204S25	SES062	-2.83499	-49.568	-46.7331
BLOCK20/SES204/SA204S25	SES083	-3.116	-49.8491	-46.7331
BLOCK20/SES204/SA204S25	SES206	-1.00906	-47.7421	-46.7331
BLOCK20/SES204/SA204S25	SES226	-1.86906	-48.6021	-46.7331
BLOCK20/SES204/SA204S27	SES068	-3.89183	-50.8327	-46.9409
BLOCK20/SES204/SA204S27	SES082	-2.20508	-49.146	-46.9409
BLOCK20/SES204/SA204S27	SES087	-1.231	-48.1719	-46.9409
BLOCK20/SES204/SA204S27	SES206	-1.40374	-48.3447	-46.9409
BLOCK20/SES207/SA207S10	SES127	-1.38025	-49.6742	-48.2939
BLOCK20/SES207/SA207S10	SES183	-1.56273	-49.8566	-48.2939
BLOCK20/SES207/SA207S10	SES189	-2.08936	-50.3833	-48.2939
BLOCK20/SES207/SA207S10	SES292	-2.10354	-50.3975	-48.2939
BLOCK20/SES207/SA207S11	SES127	-2.5044	-50.3342	-47.8298
BLOCK20/SES207/SA207S11	SES183	-2.21229	-50.0421	-47.8298
BLOCK20/SES207/SA207S11	SES187	-1.26382	-49.0936	-47.8298
BLOCK20/SES207/SA207S11	SES292	-1.80771	-49.6375	-47.8298
BLOCK20/SES207/SA207S25	SES068	-2.07883	-50.0189	-47.94
BLOCK20/SES207/SA207S25	SES083	-2.40459	-50.3446	-47.94
BLOCK20/SES207/SA207S25	SES127	-1.73082	-49.6709	-47.94
BLOCK20/SES207/SA207S25	SES187	-1.00613	-48.9462	-47.94
BLOCK20/SES207/SA207S27	SES127	-1.71334	-50.3433	-48.63
BLOCK20/SES207/SA207S27	SES183	-1.28812	-49.9181	-48.63
BLOCK20/SES207/SA207S27	SES187	-1.28396	-49.914	-48.63
BLOCK20/SES207/SA207S27	SES292	-1.70383	-50.3338	-48.63
BLOCK20/SES207/SA207S29	SES083	-2.12857	-49.9578	-47.8293
BLOCK20/SES207/SA207S29	SES085	-1.04517	-48.8744	-47.8293
BLOCK20/SES207/SA207S29	SES172	-1.85134	-49.6806	-47.8293
BLOCK20/SES207/SA207S29	SES189	-2.22903	-50.0583	-47.8293
BLOCK22/SES221/SA221S12	SES068	-2.29495	-50.2532	-47.9583
BLOCK22/SES221/SA221S12	SES143	-2.22276	-50.181	-47.9583
BLOCK22/SES221/SA221S12	SES175	-1.11754	-49.0758	-47.9583
BLOCK22/SES221/SA221S12	SES202	-0.52005	-48.4783	-47.9583
BLOCK22/SES221/SA221S15	SES085	-3.02836	-52.2638	-49.2355
BLOCK22/SES221/SA221S15	SES143	-3.1107	-52.3462	-49.2355
BLOCK22/SES221/SA221S15	SES175	-1.2647	-50.5002	-49.2355
BLOCK22/SES221/SA221S15	SES187	-0.856232	-50.0917	-49.2355
BLOCK22/SES221/SA221S23	SES068	-3.04928	-51.1764	-48.1271
BLOCK22/SES221/SA221S23	SES143	-2.80792	-50.9351	-48.1271
BLOCK22/SES221/SA221S23	SES175	-0.837433	-48.9646	-48.1271
BLOCK22/SES221/SA221S23	SES189	-0.60387	-48.731	-48.1271
BLOCK22/SES221/SA221S27	SES085	-4.54713	-52.6538	-48.1067
BLOCK22/SES221/SA221S27	SES143	-2.39914	-50.5058	-48.1067
BLOCK22/SES221/SA221S27	SES175	-1.7244	-49.8311	-48.1067
BLOCK22/SES221/SA221S27	SES189	0.109612	-47.997	-48.1067
BLOCK22/SES221/SA221S29	SES085	-4.79676	-53.8249	-49.0281
BLOCK22/SES221/SA221S29	SES143	-3.35418	-52.3823	-49.0281
BLOCK22/SES221/SA221S29	SES175	-0.806923	-49.8351	-49.0281
BLOCK22/SES221/SA221S29	SES187	-0.804214	-49.8324	-49.0281
BLOCK22/SES223/SA223S11	SES143	-1.77446	-50.7614	-48.9869
BLOCK22/SES223/SA223S11	SES144	-2.92642	-51.9133	-48.9869
BLOCK22/SES223/SA223S11	SES175	-1.17565	-50.1626	-48.9869
BLOCK22/SES223/SA223S11	SES187	-1.49113	-50.4781	-48.9869
BLOCK22/SES223/SA223S13	SES068	-2.92923	-52.8453	-49.9161
BLOCK22/SES223/SA223S13	SES143	-2.58375	-52.4998	-49.9161
BLOCK22/SES223/SA223S13	SES146	-2.77201	-52.6881	-49.9161
BLOCK22/SES223/SA223S13	SES202	-1.66582	-51.5819	-49.9161
BLOCK22/SES223/SA223S22	SES143	-1.8237	-50.6733	-48.8496
BLOCK22/SES223/SA223S22	SES144	-3.18879	-52.0383	-48.8496
BLOCK22/SES223/SA223S22	SES175	-1.14407	-49.9936	-48.8496
BLOCK22/SES223/SA223S22	SES187	-1.55013	-50.3997	-48.8496
BLOCK22/SES223/SA223S25	SES068	-2.43458	-51.5487	-49.1141
BLOCK22/SES223/SA223S25	SES143	-1.98672	-51.1009	-49.1141
BLOCK22/SES223/SA223S25	SES175	-1.31827	-50.4324	-49.1141
BLOCK22/SES223/SA223S25	SES187	-1.14517	-50.2593	-49.1141
BLOCK22/SES223/SA223S27	SES143	-1.70267	-50.7056	-49.0029
BLOCK22/SES223/SA223S27	SES146	-1.76141	-50.7643	-49.0029
BLOCK22/SES223/SA223S27	SES187	-1.16546	-50.1684	-49.0029
BLOCK22/SES223/SA223S27	SES292	-1.97675	-50.9796	-49.0029
BLOCK27/SES273/SA273S12	SES099	-0.543518	-46.0416	-45.498
BLOCK27/SES273/SA273S12	SES104	-0.89946	-46.3975	-45.498
BLOCK27/SES273/SA273S12	SES125	-1.05386	-46.5519	-45.498
BLOCK27/SES273/SA273S12	SES206	-0.451061	-45.9491	-45.498
BLOCK27/SES273/SA273S13	SES099	-0.958542	-46.5796	-45.6211
BLOCK27/SES273/SA273S13	SES104	-1.30128	-46.9224	-45.6211
BLOCK27/SES273/SA273S13	SES206	-0.872055	-46.4931	-45.6211
BLOCK27/SES273/SA273S13	SES292	-3.14881	-48.7699	-45.6211
BLOCK27/SES273/SA273S21	SES099	-0.169571	-45.9262	-45.7566
BLOCK27/SES273/SA273S21	SES148	-2.80674	-48.5633	-45.7566
BLOCK27/SES273/SA273S21	SES149	-0.811703	-46.5683	-45.7566
BLOCK27/SES273/SA273S21	SES177	-4.14062	-49.8972	-45.7566
BLOCK27/SES273/SA273S25	SES104	-1.34828	-47.3918	-46.0436
BLOCK27/SES273/SA273S25	SES125	-1.13255	-47.1761	-46.0436
BLOCK27/SES273/SA273S25	SES158	-0.795368	-46.8389	-46.0436
BLOCK27/SES273/SA273S25	SES206	-0.193748	-46.2373	-46.0436
BLOCK27/SES273/SA273S27	SES099	-0.412628	-46.5108	-46.0981
BLOCK27/SES273/SA273S27	SES104	-1.1179	-47.216	-46.0981
BLOCK27/SES273/SA273S27	SES149	-0.746399	-46.8445	-46.0981
BLOCK27/SES273/SA273S27	SES275	-1.85141	-47.9495	-46.0981
BLOCK27/SES274/SA274S10	SES105	-1.78688	-48.2951	-46.5082
BLOCK27/SES274/SA274S10	SES125	-1.11221	-47.6204	-46.5082
BLOCK27/SES274/SA274S10	SES129	-1.12689	-47.6351	-46.5082
BLOCK27/SES274/SA274S10	SES158	-1.53553	-48.0438	-46.5082
BLOCK27/SES274/SA274S11	SES105	-2.12016	-48.7255	-46.6053
BLOCK27/SES274/SA274S11	SES149	-0.933304	-47.5387	-46.6053
BLOCK27/SES274/SA274S11	SES158	-1.10575	-47.7111	-46.6053
BLOCK27/SES274/SA274S11	SES275	-1.98342	-48.5888	-46.6053
BLOCK27/SES274/SA274S21	SES105	-1.82079	-48.8996	-47.0788
BLOCK27/SES274/SA274S21	SES129	-1.60444	-48.6832	-47.0788
BLOCK27/SES274/SA274S21	SES149	-0.853626	-47.9324	-47.0788
BLOCK27/SES274/SA274S21	SES158	-2.08442	-49.1632	-47.0788
BLOCK27/SES274/SA274S24	SES105	-1.58319	-48.2684	-46.6852
BLOCK27/SES274/SA274S24	SES129	-1.90732	-48.5925	-46.6852
BLOCK27/SES274/SA274S24	SES149	-0.732479	-47.4176	-46.6852
BLOCK27/SES274/SA274S24	SES158	-2.06435	-48.7495	-46.6852
BLOCK27/SES274/SA274S29	SES105	-2.15395	-48.7646	-46.6106
BLOCK27/SES274/SA274S29	SES106	-2.15992	-48.7706	-46.6106
BLOCK27/SES274/SA274S29	SES120	-2.35423	-48.9649	-46.6106
BLOCK27/SES274/SA274S29	SES275	-2.04491	-48.6556	-46.6106
BLOCK27/SES276/SA276S16	SES148	-1.67313	-49.2003	-47.5272
BLOCK27/SES276/SA276S16	SES172	-1.92453	-49.4517	-47.5272
BLOCK27/SES276/SA276S16	SES180	-2.98513	-50.5123	-47.5272
BLOCK27/SES276/SA276S16	SES292	-0.949722	-48.4769	-47.5272
BLOCK27/SES276/SA276S17	SES101	-1.50485	-48.9937	-47.4888
BLOCK27/SES276/SA276S17	SES177	-2.2026	-49.6914	-47.4888
BLOCK27/SES276/SA276S17	SES180	-1.76521	-49.254	-47.4888
BLOCK27/SES276/SA276S17	SES292	-1.78436	-49.2732	-47.4888
BLOCK27/SES276/SA276S24	SES101	-1.38891	-47.8533	-46.4643
BLOCK27/SES276/SA276S24	SES177	-2.0202	-48.4845	-46.4643
BLOCK27/SES276/SA276S24	SES180	-2.08926	-48.5536	-46.4643
BLOCK27/SES276/SA276S24	SES292	-2.25763	-48.722	-46.4643
BLOCK27/SES276/SA276S26	SES101	-1.9139	-48.7962	-46.8823
BLOCK27/SES276/SA276S26	SES177	-1.69653	-48.5788	-46.8823
BLOCK27/SES276/SA276S26	SES180	-1.5167	-48.399	-46.8823
BLOCK27/SES276/SA276S26	SES292	-1.26763	-48.1499	-46.8823
BLOCK27/SES276/SA276S28	SES101	-1.79113	-48.6947	-46.9036
BLOCK27/SES276/SA276S28	SES177	-2.23169	-49.1353	-46.9036
BLOCK27/SES276/SA276S28	SES180	-1.39902	-48.3026	-46.9036
BLOCK27/SES276/SA276S28	SES292	-1.93694	-48.8405	-46.9036
BLOCK27/SES277/SA277S12	SES101	-1.67273	-49.7829	-48.1102
BLOCK27/SES277/SA277S12	SES177	-2.51521	-50.6254	-48.1102
BLOCK27/SES277/SA277S12	SES180	-2.85576	-50.9659	-48.1102
BLOCK27/SES277/SA277S12	SES292	-2.91673	-51.0269	-48.1102
BLOCK27/SES277/SA277S14	SES177	-1.64494	-50.4774	-48.8324
BLOCK27/SES277/SA277S14	SES180	-2.42583	-51.2583	-48.8324
BLOCK27/SES277/SA277S14	SES189	-1.09156	-49.924	-48.8324
BLOCK27/SES277/SA277S14	SES292	-3.35933	-52.1918	-48.8324
BLOCK27/SES277/SA277S21	SES177	-1.09423	-48.5471	-47.4529
BLOCK27/SES277/SA277S21	SES180	-2.69164	-50.1445	-47.4529
BLOCK27/SES277/SA277S21	SES189	-1.36171	-48.8146	-47.4529
BLOCK27/SES277/SA277S21	SES292	-2.98415	-50.437	-47.4529
BLOCK27/SES277/SA277S24	SES144	-1.15808	-50.1445	-48.9864
BLOCK27/SES277/SA277S24	SES177	-2.15765	-51.1441	-48.9864
BLOCK27/SES277/SA277S24	SES180	-3.02798	-52.0144	-48.9864
BLOCK27/SES277/SA277S24	SES189	-1.43069	-50.4171	-48.9864
BLOCK27/SES277/SA277S29	SES177	-1.28914	-47.8519	-46.5628
BLOCK27/SES277/SA277S29	SES180	-1.53188	-48.0947	-46.5628
BLOCK27/SES277/SA277S29	SES202	-1.76403	-48.3268	-46.5628
BLOCK27/SES277/SA277S29	SES292	-2.07776	-48.6405	-46.5628
BLOCK27/SES279/SA279S09	SES120	-1.70387	-48.6085	-46.9046
BLOCK27/SES279/SA279S09	SES146	-1.44033	-48.345	-46.9046
BLOCK27/SES279/SA279S09	SES206	-2.03556	-48.9402	-46.9046
BLOCK27/SES279/SA279S09	SES226	-1.85591	-48.7606	-46.9046
BLOCK27/SES279/SA279S10	SES099	-0.708878	-47.3631	-46.6543
BLOCK27/SES279/SA279S10	SES206	-1.10797	-47.7622	-46.6543
BLOCK27/SES279/SA279S10	SES226	-1.94172	-48.596	-46.6543
BLOCK27/SES279/SA279S10	SES292	-1.51805	-48.1723	-46.6543
BLOCK27/SES279/SA279S20	SES099	-1.47303	-48.3142	-46.8411
BLOCK27/SES279/SA279S20	SES206	-0.985027	-47.8262	-46.8411
BLOCK27/SES279/SA279S20	SES226	-2.32419	-49.1653	-46.8411
BLOCK27/SES279/SA279S20	SES292	-1.0542	-47.8953	-46.8411
BLOCK27/SES279/SA279S26	SES099	-1.48769	-48.4209	-46.9333
BLOCK27/SES279/SA279S26	SES206	-1.02216	-47.9554	-46.9333
BLOCK27/SES279/SA279S26	SES226	-1.79685	-48.7301	-46.9333
BLOCK27/SES279/SA279S26	SES292	-1.76487	-48.6981	-46.9333
BLOCK27/SES279/SA279S28	SES099	-1.34443	-46.8987	-45.5543
BLOCK27/SES279/SA279S28	SES120	-1.8646	-47.4189	-45.5543
BLOCK27/SES279/SA279S28	SES177	-3.08883	-48.6431	-45.5543
BLOCK27/SES279/SA279S28	SES206	-1.38971	-46.944	-45.5543
BLOCK29/SES290/SA290S12	SES162	-2.09035	-49.5032	-47.4128
BLOCK29/SES290/SA290S12	SES177	-2.35908	-49.7719	-47.4128
BLOCK29/SES290/SA290S12	SES180	-2.64754	-50.0604	-47.4128
BLOCK29/SES290/SA290S12	SES292	-2.60543	-50.0183	-47.4128
BLOCK29/SES290/SA290S13	SES007	-3.37327	-51.7143	-48.341
BLOCK29/SES290/SA290S13	SES162	-2.4332	-50.7742	-48.341
BLOCK29/SES290/SA290S13	SES177	-1.3203	-49.6613	-48.341
BLOCK29/SES290/SA290S13	SES180	-1.98344	-50.3245	-48.341
BLOCK29/SES290/SA290S22	SES177	-1.52147	-49.1598	-47.6384
BLOCK29/SES290/SA290S22	SES180	-1.5289	-49.1673	-47.6384
BLOCK29/SES290/SA290S22	SES202	-1.55296	-49.1913	-47.6384
BLOCK29/SES290/SA290S22	SES292	-2.66589	-50.3043	-47.6384
BLOCK29/SES290/SA290S25	SES162	-1.467	-48.9923	-47.5253
BLOCK29/SES290/SA290S25	SES177	-1.10041	-48.6257	-47.5253
BLOCK29/SES290/SA290S25	SES180	-1.35846	-48.8838	-47.5253
BLOCK29/SES290/SA290S25	SES292	-1.56997	-49.0953	-47.5253
BLOCK29/SES290/SA290S29	SES177	-0.349327	-47.6044	-47.2551
BLOCK29/SES290/SA290S29	SES180	-0.78664	-48.0418	-47.2551
BLOCK29/SES290/SA290S29	SES275	-2.16482	-49.4199	-47.2551
BLOCK29/SES290/SA290S29	SES292	-1.88533	-49.1404	-47.2551
BLOCK29/SES291/SA291S11	SES105	-3.23768	-50.6909	-47.4533
BLOCK29/SES291/SA291S11	SES125	-1.48883	-48.9421	-47.4533
BLOCK29/SES291/SA291S11	SES158	-1.41223	-48.8655	-47.4533
BLOCK29/SES291/SA291S11	SES275	-3.97441	-51.4277	-47.4533
BLOCK29/SES291/SA291S12	SES158	-0.666809	-47.0654	-46.3986
BLOCK29/SES291/SA291S12	SES226	-1.47366	-47.8722	-46.3986
BLOCK29/SES291/SA291S12	SES270	-0.484039	-46.8826	-46.3986
BLOCK29/SES291/SA291S12	SES275	-4.91517	-51.3138	-46.3986
BLOCK29/SES291/SA291S22	SES082	-1.27864	-47.8612	-46.5825
BLOCK29/SES291/SA291S22	SES158	-1.23678	-47.8193	-46.5825
BLOCK29/SES291/SA291S22	SES259	-1.69273	-48.2753	-46.5825
BLOCK29/SES291/SA291S22	SES275	-3.73568	-50.3182	-46.5825
BLOCK29/SES291/SA291S24	SES104	-0.674274	-46.2423	-45.568
BLOCK29/SES291/SA291S24	SES125	-0.490009	-46.058	-45.568
BLOCK29/SES291/SA291S24	SES158	-0.586975	-46.155	-45.568
BLOCK29/SES291/SA291S24	SES275	-3.77346	-49.3415	-45.568
BLOCK29/SES291/SA291S27	SES158	-0.379078	-46.3376	-45.9585
BLOCK29/SES291/SA291S27	SES172	-4.43729	-50.3958	-45.9585
BLOCK29/SES291/SA291S27	SES275	-3.92675	-49.8853	-45.9585
BLOCK29/SES291/SA291S27	SES292	-3.1781	-49.1366	-45.9585
